15 [139801001669312] INFO perfrun.launcher <> - Launcher main begin
17 [139801001669312] INFO perfrun.launcher <> - MessageCatalogInit finished
17 [139801001669312] INFO perfrun.launcher <> - Launcher instance created
17 [139801001669312] INFO perfrun.launcher <> - argc = 7; cmdline = /home/intel/oneapi/vtune/2021.1.1/bin64/amplxe-runss --ui-output-format xml --ui-output-fd 5 --option-file /home/users/dhamorim/pagerank-openmp/results/hotspots_web-Google_1/config/runss.options.1 
31 [139801001669312] INFO perfrun.launcher <> - plugin remoteplug has been added successfully
31 [139801001669312] INFO perfrun.launcher <> - plugin system has been added successfully
31 [139801001669312] INFO perfrun.launcher <> - plugin vdso has been added successfully
31 [139801001669312] INFO perfrun.launcher <> - plugin itt has been added successfully
31 [139801001669312] INFO perfrun.launcher <> - plugin ptracecollector has been added successfully
31 [139801001669312] INFO perfrun.launcher <> - plugin gpu has been added successfully
31 [139801001669312] INFO perfrun.launcher <> - plugin  has been added successfully
31 [139801001669312] INFO perfrun.launcher <> - plugin  has been added successfully
31 [139801001669312] INFO perfrun.launcher <> - plugin  has been added successfully
31 [139801001669312] INFO perfrun.launcher <> - plugin mrte has been added successfully
31 [139801001669312] INFO perfrun.launcher <> - plugin emon has been added successfully
31 [139801001669312] INFO perfrun.launcher <> - plugin cuscol has been added successfully
31 [139801001669312] INFO perfrun.launcher <> - plugin stdsrc has been added successfully
31 [139801001669312] INFO perfrun.launcher <> - plugin sep has been added successfully
31 [139801001669312] INFO perfrun.launcher <> - plugin vtsspp has been added successfully
31 [139801001669312] INFO perfrun.sdk <> - Reading value (-1) from file: /proc/sys/kernel/perf_event_paranoid
31 [139801001669312] INFO perfrun.perfcollector <> - checking access to: /home/intel/oneapi/vtune/2021.1.1/bin64/amplxe-perf-priv
37 [139801001669312] INFO perfrun.perfcollector <> - cpu: family = 6 model = 63
37 [139801001669312] INFO perfrun.perfcollector <> - dir found : /sys/bus/event_source/devices/software
37 [139801001669312] WARN perfrun.perfcollector <> - format subdir doesn't exist, at file: vcs/perfrun1/plugins/perfcollector/src/controller.cpp:725
37 [139801001669312] WARN perfrun.perfcollector <> - pmu hwInfo is not set, at file: vcs/perfrun1/plugins/perfcollector/src/controller.cpp:819
37 [139801001669312] INFO perfrun.perfcollector <> - pmu added : family : software , id : 0
37 [139801001669312] INFO perfrun.perfcollector <> - dir found : /sys/bus/event_source/devices/uncore_imc_5
37 [139801001669312] INFO perfrun.perfcollector <> - format: event config:0-7 mask:0-7
37 [139801001669312] INFO perfrun.perfcollector <> - format: edge config:18 mask:18
37 [139801001669312] INFO perfrun.perfcollector <> - format: inv config:23 mask:23
37 [139801001669312] INFO perfrun.perfcollector <> - format: umask config:8-15 mask:8-15
37 [139801001669312] INFO perfrun.perfcollector <> - format: thresh config:24-31 mask:24-31
37 [139801001669312] INFO perfrun.perfcollector <> - hwInfo : PERF_IMC_PMU_DETAILS
37 [139801001669312] INFO perfrun.perfcollector <> - pmu added : family : uncore_imc , id : 5
37 [139801001669312] INFO perfrun.perfcollector <> - dir found : /sys/bus/event_source/devices/uncore_sbox_2
37 [139801001669312] INFO perfrun.perfcollector <> - format: event config:0-7 mask:0-7
37 [139801001669312] INFO perfrun.perfcollector <> - format: edge config:18 mask:18
37 [139801001669312] INFO perfrun.perfcollector <> - format: inv config:23 mask:23
37 [139801001669312] INFO perfrun.perfcollector <> - format: umask config:8-15 mask:8-15
37 [139801001669312] INFO perfrun.perfcollector <> - format: tid_en config:19 mask:19
37 [139801001669312] INFO perfrun.perfcollector <> - format: thresh config:24-31 mask:24-31
37 [139801001669312] WARN perfrun.perfcollector <> - pmu hwInfo is not set, at file: vcs/perfrun1/plugins/perfcollector/src/controller.cpp:819
37 [139801001669312] INFO perfrun.perfcollector <> - pmu added : family : uncore_sbox , id : 2
37 [139801001669312] INFO perfrun.perfcollector <> - dir found : /sys/bus/event_source/devices/uncore_cbox_8
37 [139801001669312] INFO perfrun.perfcollector <> - format: event config:0-7 mask:0-7
37 [139801001669312] INFO perfrun.perfcollector <> - format: filter_link config1:6-8 mask:6-8
37 [139801001669312] INFO perfrun.perfcollector <> - format: filter_c6 config1:61 mask:61
37 [139801001669312] INFO perfrun.perfcollector <> - format: edge config:18 mask:18
37 [139801001669312] INFO perfrun.perfcollector <> - format: filter_isoc config1:63 mask:63
37 [139801001669312] INFO perfrun.perfcollector <> - format: filter_tid config1:0-5 mask:0-5
37 [139801001669312] INFO perfrun.perfcollector <> - format: filter_nid config1:32-47 mask:32-47
37 [139801001669312] INFO perfrun.perfcollector <> - format: filter_nc config1:62 mask:62
38 [139801001669312] INFO perfrun.perfcollector <> - format: umask config:8-15 mask:8-15
38 [139801001669312] INFO perfrun.perfcollector <> - format: tid_en config:19 mask:19
38 [139801001669312] INFO perfrun.perfcollector <> - format: thresh config:24-31 mask:24-31
38 [139801001669312] INFO perfrun.perfcollector <> - format: filter_state config1:17-23 mask:17-23
38 [139801001669312] INFO perfrun.perfcollector <> - format: filter_opc config1:52-60 mask:52-60
38 [139801001669312] WARN perfrun.perfcollector <> - pmu hwInfo is not set, at file: vcs/perfrun1/plugins/perfcollector/src/controller.cpp:819
38 [139801001669312] INFO perfrun.perfcollector <> - pmu added : family : uncore_cbox , id : 8
38 [139801001669312] INFO perfrun.perfcollector <> - dir found : /sys/bus/event_source/devices/uncore_r2pcie
38 [139801001669312] INFO perfrun.perfcollector <> - format: event config:0-7 mask:0-7
38 [139801001669312] INFO perfrun.perfcollector <> - format: edge config:18 mask:18
38 [139801001669312] INFO perfrun.perfcollector <> - format: inv config:23 mask:23
38 [139801001669312] INFO perfrun.perfcollector <> - format: umask config:8-15 mask:8-15
38 [139801001669312] INFO perfrun.perfcollector <> - format: thresh config:24-31 mask:24-31
38 [139801001669312] WARN perfrun.perfcollector <> - pmu hwInfo is not set, at file: vcs/perfrun1/plugins/perfcollector/src/controller.cpp:819
38 [139801001669312] INFO perfrun.perfcollector <> - pmu added : family : uncore_r2pcie , id : 0
38 [139801001669312] INFO perfrun.perfcollector <> - dir found : /sys/bus/event_source/devices/uncore_sbox_0
38 [139801001669312] INFO perfrun.perfcollector <> - format: event config:0-7 mask:0-7
38 [139801001669312] INFO perfrun.perfcollector <> - format: edge config:18 mask:18
38 [139801001669312] INFO perfrun.perfcollector <> - format: inv config:23 mask:23
38 [139801001669312] INFO perfrun.perfcollector <> - format: umask config:8-15 mask:8-15
38 [139801001669312] INFO perfrun.perfcollector <> - format: tid_en config:19 mask:19
38 [139801001669312] INFO perfrun.perfcollector <> - format: thresh config:24-31 mask:24-31
38 [139801001669312] WARN perfrun.perfcollector <> - pmu hwInfo is not set, at file: vcs/perfrun1/plugins/perfcollector/src/controller.cpp:819
38 [139801001669312] INFO perfrun.perfcollector <> - pmu added : family : uncore_sbox , id : 0
38 [139801001669312] INFO perfrun.perfcollector <> - dir found : /sys/bus/event_source/devices/uncore_cbox_6
38 [139801001669312] INFO perfrun.perfcollector <> - format: event config:0-7 mask:0-7
38 [139801001669312] INFO perfrun.perfcollector <> - format: filter_link config1:6-8 mask:6-8
38 [139801001669312] INFO perfrun.perfcollector <> - format: filter_c6 config1:61 mask:61
38 [139801001669312] INFO perfrun.perfcollector <> - format: edge config:18 mask:18
38 [139801001669312] INFO perfrun.perfcollector <> - format: filter_isoc config1:63 mask:63
38 [139801001669312] INFO perfrun.perfcollector <> - format: filter_tid config1:0-5 mask:0-5
39 [139801001669312] INFO perfrun.perfcollector <> - format: filter_nid config1:32-47 mask:32-47
39 [139801001669312] INFO perfrun.perfcollector <> - format: filter_nc config1:62 mask:62
39 [139801001669312] INFO perfrun.perfcollector <> - format: umask config:8-15 mask:8-15
39 [139801001669312] INFO perfrun.perfcollector <> - format: tid_en config:19 mask:19
39 [139801001669312] INFO perfrun.perfcollector <> - format: thresh config:24-31 mask:24-31
39 [139801001669312] INFO perfrun.perfcollector <> - format: filter_state config1:17-23 mask:17-23
39 [139801001669312] INFO perfrun.perfcollector <> - format: filter_opc config1:52-60 mask:52-60
39 [139801001669312] WARN perfrun.perfcollector <> - pmu hwInfo is not set, at file: vcs/perfrun1/plugins/perfcollector/src/controller.cpp:819
39 [139801001669312] INFO perfrun.perfcollector <> - pmu added : family : uncore_cbox , id : 6
39 [139801001669312] INFO perfrun.perfcollector <> - dir found : /sys/bus/event_source/devices/uncore_imc_1
39 [139801001669312] INFO perfrun.perfcollector <> - format: event config:0-7 mask:0-7
39 [139801001669312] INFO perfrun.perfcollector <> - format: edge config:18 mask:18
39 [139801001669312] INFO perfrun.perfcollector <> - format: inv config:23 mask:23
39 [139801001669312] INFO perfrun.perfcollector <> - format: umask config:8-15 mask:8-15
39 [139801001669312] INFO perfrun.perfcollector <> - format: thresh config:24-31 mask:24-31
39 [139801001669312] INFO perfrun.perfcollector <> - hwInfo : PERF_IMC_PMU_DETAILS
39 [139801001669312] INFO perfrun.perfcollector <> - pmu added : family : uncore_imc , id : 1
39 [139801001669312] INFO perfrun.perfcollector <> - dir found : /sys/bus/event_source/devices/power
39 [139801001669312] INFO perfrun.perfcollector <> - format: event config:0-7 mask:0-7
39 [139801001669312] WARN perfrun.perfcollector <> - pmu hwInfo is not set, at file: vcs/perfrun1/plugins/perfcollector/src/controller.cpp:819
39 [139801001669312] INFO perfrun.perfcollector <> - pmu added : family : power , id : 0
39 [139801001669312] INFO perfrun.perfcollector <> - dir found : /sys/bus/event_source/devices/uncore_cbox_4
39 [139801001669312] INFO perfrun.perfcollector <> - format: event config:0-7 mask:0-7
39 [139801001669312] INFO perfrun.perfcollector <> - format: filter_link config1:6-8 mask:6-8
39 [139801001669312] INFO perfrun.perfcollector <> - format: filter_c6 config1:61 mask:61
39 [139801001669312] INFO perfrun.perfcollector <> - format: edge config:18 mask:18
39 [139801001669312] INFO perfrun.perfcollector <> - format: filter_isoc config1:63 mask:63
39 [139801001669312] INFO perfrun.perfcollector <> - format: filter_tid config1:0-5 mask:0-5
39 [139801001669312] INFO perfrun.perfcollector <> - format: filter_nid config1:32-47 mask:32-47
39 [139801001669312] INFO perfrun.perfcollector <> - format: filter_nc config1:62 mask:62
39 [139801001669312] INFO perfrun.perfcollector <> - format: umask config:8-15 mask:8-15
39 [139801001669312] INFO perfrun.perfcollector <> - format: tid_en config:19 mask:19
39 [139801001669312] INFO perfrun.perfcollector <> - format: thresh config:24-31 mask:24-31
39 [139801001669312] INFO perfrun.perfcollector <> - format: filter_state config1:17-23 mask:17-23
40 [139801001669312] INFO perfrun.perfcollector <> - format: filter_opc config1:52-60 mask:52-60
40 [139801001669312] WARN perfrun.perfcollector <> - pmu hwInfo is not set, at file: vcs/perfrun1/plugins/perfcollector/src/controller.cpp:819
40 [139801001669312] INFO perfrun.perfcollector <> - pmu added : family : uncore_cbox , id : 4
40 [139801001669312] INFO perfrun.perfcollector <> - dir found : /sys/bus/event_source/devices/uprobe
40 [139801001669312] INFO perfrun.perfcollector <> - format: ref_ctr_offset config:32-63 mask:32-63
40 [139801001669312] INFO perfrun.perfcollector <> - format: retprobe config:0 mask:0
40 [139801001669312] WARN perfrun.perfcollector <> - pmu hwInfo is not set, at file: vcs/perfrun1/plugins/perfcollector/src/controller.cpp:819
40 [139801001669312] INFO perfrun.perfcollector <> - pmu added : family : uprobe , id : 0
40 [139801001669312] INFO perfrun.perfcollector <> - dir found : /sys/bus/event_source/devices/cpu
40 [139801001669312] INFO perfrun.perfcollector <> - format: event config:0-7 mask:0-7
40 [139801001669312] INFO perfrun.perfcollector <> - format: pc config:19 mask:19
40 [139801001669312] INFO perfrun.perfcollector <> - format: edge config:18 mask:18
40 [139801001669312] INFO perfrun.perfcollector <> - format: any config:21 mask:21
40 [139801001669312] INFO perfrun.perfcollector <> - format: offcore_rsp config1:0-63 mask:0-63
40 [139801001669312] INFO perfrun.perfcollector <> - format: ldlat config1:0-15 mask:0-15
40 [139801001669312] INFO perfrun.perfcollector <> - format: inv config:23 mask:23
40 [139801001669312] INFO perfrun.perfcollector <> - format: umask config:8-15 mask:8-15
40 [139801001669312] INFO perfrun.perfcollector <> - format: cmask config:24-31 mask:24-31
40 [139801001669312] INFO perfrun.perfcollector <> - hwInfo : PERF_CPU_PMU_DETAILS
40 [139801001669312] INFO perfrun.perfcollector <> - pmu added : family : cpu , id : 0
40 [139801001669312] INFO perfrun.perfcollector <> - dir found : /sys/bus/event_source/devices/uncore_r3qpi_0
40 [139801001669312] INFO perfrun.perfcollector <> - format: event config:0-7 mask:0-7
40 [139801001669312] INFO perfrun.perfcollector <> - format: edge config:18 mask:18
40 [139801001669312] INFO perfrun.perfcollector <> - format: inv config:23 mask:23
40 [139801001669312] INFO perfrun.perfcollector <> - format: umask config:8-15 mask:8-15
40 [139801001669312] INFO perfrun.perfcollector <> - format: thresh config:24-31 mask:24-31
40 [139801001669312] WARN perfrun.perfcollector <> - pmu hwInfo is not set, at file: vcs/perfrun1/plugins/perfcollector/src/controller.cpp:819
40 [139801001669312] INFO perfrun.perfcollector <> - pmu added : family : uncore_r3qpi , id : 0
40 [139801001669312] INFO perfrun.perfcollector <> - dir found : /sys/bus/event_source/devices/cstate_core
40 [139801001669312] INFO perfrun.perfcollector <> - format: event config:0-63 mask:0-63
40 [139801001669312] WARN perfrun.perfcollector <> - pmu hwInfo is not set, at file: vcs/perfrun1/plugins/perfcollector/src/controller.cpp:819
40 [139801001669312] INFO perfrun.perfcollector <> - pmu added : family : cstate_core , id : 0
40 [139801001669312] INFO perfrun.perfcollector <> - dir found : /sys/bus/event_source/devices/uncore_cbox_2
40 [139801001669312] INFO perfrun.perfcollector <> - format: event config:0-7 mask:0-7
40 [139801001669312] INFO perfrun.perfcollector <> - format: filter_link config1:6-8 mask:6-8
41 [139801001669312] INFO perfrun.perfcollector <> - format: filter_c6 config1:61 mask:61
41 [139801001669312] INFO perfrun.perfcollector <> - format: edge config:18 mask:18
41 [139801001669312] INFO perfrun.perfcollector <> - format: filter_isoc config1:63 mask:63
41 [139801001669312] INFO perfrun.perfcollector <> - format: filter_tid config1:0-5 mask:0-5
41 [139801001669312] INFO perfrun.perfcollector <> - format: filter_nid config1:32-47 mask:32-47
41 [139801001669312] INFO perfrun.perfcollector <> - format: filter_nc config1:62 mask:62
41 [139801001669312] INFO perfrun.perfcollector <> - format: umask config:8-15 mask:8-15
41 [139801001669312] INFO perfrun.perfcollector <> - format: tid_en config:19 mask:19
41 [139801001669312] INFO perfrun.perfcollector <> - format: thresh config:24-31 mask:24-31
41 [139801001669312] INFO perfrun.perfcollector <> - format: filter_state config1:17-23 mask:17-23
41 [139801001669312] INFO perfrun.perfcollector <> - format: filter_opc config1:52-60 mask:52-60
41 [139801001669312] WARN perfrun.perfcollector <> - pmu hwInfo is not set, at file: vcs/perfrun1/plugins/perfcollector/src/controller.cpp:819
41 [139801001669312] INFO perfrun.perfcollector <> - pmu added : family : uncore_cbox , id : 2
41 [139801001669312] INFO perfrun.perfcollector <> - dir found : /sys/bus/event_source/devices/breakpoint
41 [139801001669312] WARN perfrun.perfcollector <> - format subdir doesn't exist, at file: vcs/perfrun1/plugins/perfcollector/src/controller.cpp:725
41 [139801001669312] WARN perfrun.perfcollector <> - pmu hwInfo is not set, at file: vcs/perfrun1/plugins/perfcollector/src/controller.cpp:819
41 [139801001669312] INFO perfrun.perfcollector <> - pmu added : family : breakpoint , id : 0
41 [139801001669312] INFO perfrun.perfcollector <> - dir found : /sys/bus/event_source/devices/uncore_ha_0
41 [139801001669312] INFO perfrun.perfcollector <> - format: event config:0-7 mask:0-7
41 [139801001669312] INFO perfrun.perfcollector <> - format: edge config:18 mask:18
41 [139801001669312] INFO perfrun.perfcollector <> - format: inv config:23 mask:23
41 [139801001669312] INFO perfrun.perfcollector <> - format: umask config:8-15 mask:8-15
41 [139801001669312] INFO perfrun.perfcollector <> - format: thresh config:24-31 mask:24-31
41 [139801001669312] WARN perfrun.perfcollector <> - pmu hwInfo is not set, at file: vcs/perfrun1/plugins/perfcollector/src/controller.cpp:819
41 [139801001669312] INFO perfrun.perfcollector <> - pmu added : family : uncore_ha , id : 0
41 [139801001669312] INFO perfrun.perfcollector <> - dir found : /sys/bus/event_source/devices/uncore_cbox_0
41 [139801001669312] INFO perfrun.perfcollector <> - format: event config:0-7 mask:0-7
41 [139801001669312] INFO perfrun.perfcollector <> - format: filter_link config1:6-8 mask:6-8
41 [139801001669312] INFO perfrun.perfcollector <> - format: filter_c6 config1:61 mask:61
41 [139801001669312] INFO perfrun.perfcollector <> - format: edge config:18 mask:18
41 [139801001669312] INFO perfrun.perfcollector <> - format: filter_isoc config1:63 mask:63
41 [139801001669312] INFO perfrun.perfcollector <> - format: filter_tid config1:0-5 mask:0-5
41 [139801001669312] INFO perfrun.perfcollector <> - format: filter_nid config1:32-47 mask:32-47
41 [139801001669312] INFO perfrun.perfcollector <> - format: filter_nc config1:62 mask:62
41 [139801001669312] INFO perfrun.perfcollector <> - format: umask config:8-15 mask:8-15
41 [139801001669312] INFO perfrun.perfcollector <> - format: tid_en config:19 mask:19
42 [139801001669312] INFO perfrun.perfcollector <> - format: thresh config:24-31 mask:24-31
42 [139801001669312] INFO perfrun.perfcollector <> - format: filter_state config1:17-23 mask:17-23
42 [139801001669312] INFO perfrun.perfcollector <> - format: filter_opc config1:52-60 mask:52-60
42 [139801001669312] WARN perfrun.perfcollector <> - pmu hwInfo is not set, at file: vcs/perfrun1/plugins/perfcollector/src/controller.cpp:819
42 [139801001669312] INFO perfrun.perfcollector <> - pmu added : family : uncore_cbox , id : 0
42 [139801001669312] INFO perfrun.perfcollector <> - dir found : /sys/bus/event_source/devices/tracepoint
42 [139801001669312] WARN perfrun.perfcollector <> - format subdir doesn't exist, at file: vcs/perfrun1/plugins/perfcollector/src/controller.cpp:725
42 [139801001669312] WARN perfrun.perfcollector <> - pmu hwInfo is not set, at file: vcs/perfrun1/plugins/perfcollector/src/controller.cpp:819
42 [139801001669312] INFO perfrun.perfcollector <> - pmu added : family : tracepoint , id : 0
42 [139801001669312] INFO perfrun.perfcollector <> - dir found : /sys/bus/event_source/devices/uncore_sbox_3
42 [139801001669312] INFO perfrun.perfcollector <> - format: event config:0-7 mask:0-7
42 [139801001669312] INFO perfrun.perfcollector <> - format: edge config:18 mask:18
42 [139801001669312] INFO perfrun.perfcollector <> - format: inv config:23 mask:23
42 [139801001669312] INFO perfrun.perfcollector <> - format: umask config:8-15 mask:8-15
42 [139801001669312] INFO perfrun.perfcollector <> - format: tid_en config:19 mask:19
42 [139801001669312] INFO perfrun.perfcollector <> - format: thresh config:24-31 mask:24-31
42 [139801001669312] WARN perfrun.perfcollector <> - pmu hwInfo is not set, at file: vcs/perfrun1/plugins/perfcollector/src/controller.cpp:819
42 [139801001669312] INFO perfrun.perfcollector <> - pmu added : family : uncore_sbox , id : 3
42 [139801001669312] INFO perfrun.perfcollector <> - dir found : /sys/bus/event_source/devices/uncore_cbox_9
42 [139801001669312] INFO perfrun.perfcollector <> - format: event config:0-7 mask:0-7
42 [139801001669312] INFO perfrun.perfcollector <> - format: filter_link config1:6-8 mask:6-8
42 [139801001669312] INFO perfrun.perfcollector <> - format: filter_c6 config1:61 mask:61
42 [139801001669312] INFO perfrun.perfcollector <> - format: edge config:18 mask:18
42 [139801001669312] INFO perfrun.perfcollector <> - format: filter_isoc config1:63 mask:63
42 [139801001669312] INFO perfrun.perfcollector <> - format: filter_tid config1:0-5 mask:0-5
42 [139801001669312] INFO perfrun.perfcollector <> - format: filter_nid config1:32-47 mask:32-47
42 [139801001669312] INFO perfrun.perfcollector <> - format: filter_nc config1:62 mask:62
42 [139801001669312] INFO perfrun.perfcollector <> - format: umask config:8-15 mask:8-15
42 [139801001669312] INFO perfrun.perfcollector <> - format: tid_en config:19 mask:19
42 [139801001669312] INFO perfrun.perfcollector <> - format: thresh config:24-31 mask:24-31
42 [139801001669312] INFO perfrun.perfcollector <> - format: filter_state config1:17-23 mask:17-23
42 [139801001669312] INFO perfrun.perfcollector <> - format: filter_opc config1:52-60 mask:52-60
42 [139801001669312] WARN perfrun.perfcollector <> - pmu hwInfo is not set, at file: vcs/perfrun1/plugins/perfcollector/src/controller.cpp:819
42 [139801001669312] INFO perfrun.perfcollector <> - pmu added : family : uncore_cbox , id : 9
42 [139801001669312] INFO perfrun.perfcollector <> - dir found : /sys/bus/event_source/devices/cstate_pkg
43 [139801001669312] INFO perfrun.perfcollector <> - format: event config:0-63 mask:0-63
43 [139801001669312] WARN perfrun.perfcollector <> - pmu hwInfo is not set, at file: vcs/perfrun1/plugins/perfcollector/src/controller.cpp:819
43 [139801001669312] INFO perfrun.perfcollector <> - pmu added : family : cstate_pkg , id : 0
43 [139801001669312] INFO perfrun.perfcollector <> - dir found : /sys/bus/event_source/devices/uncore_imc_4
43 [139801001669312] INFO perfrun.perfcollector <> - format: event config:0-7 mask:0-7
43 [139801001669312] INFO perfrun.perfcollector <> - format: edge config:18 mask:18
43 [139801001669312] INFO perfrun.perfcollector <> - format: inv config:23 mask:23
43 [139801001669312] INFO perfrun.perfcollector <> - format: umask config:8-15 mask:8-15
43 [139801001669312] INFO perfrun.perfcollector <> - format: thresh config:24-31 mask:24-31
43 [139801001669312] INFO perfrun.perfcollector <> - hwInfo : PERF_IMC_PMU_DETAILS
43 [139801001669312] INFO perfrun.perfcollector <> - pmu added : family : uncore_imc , id : 4
43 [139801001669312] INFO perfrun.perfcollector <> - dir found : /sys/bus/event_source/devices/uncore_ubox
43 [139801001669312] INFO perfrun.perfcollector <> - format: event config:0-7 mask:0-7
43 [139801001669312] INFO perfrun.perfcollector <> - format: edge config:18 mask:18
43 [139801001669312] INFO perfrun.perfcollector <> - format: filter_tid config1:0 mask:0
43 [139801001669312] INFO perfrun.perfcollector <> - format: inv config:23 mask:23
43 [139801001669312] INFO perfrun.perfcollector <> - format: umask config:8-15 mask:8-15
43 [139801001669312] INFO perfrun.perfcollector <> - format: thresh config:24-28 mask:24-28
43 [139801001669312] INFO perfrun.perfcollector <> - format: filter_cid config1:5 mask:5
43 [139801001669312] WARN perfrun.perfcollector <> - pmu hwInfo is not set, at file: vcs/perfrun1/plugins/perfcollector/src/controller.cpp:819
43 [139801001669312] INFO perfrun.perfcollector <> - pmu added : family : uncore_ubox , id : 0
43 [139801001669312] INFO perfrun.perfcollector <> - dir found : /sys/bus/event_source/devices/uncore_sbox_1
43 [139801001669312] INFO perfrun.perfcollector <> - format: event config:0-7 mask:0-7
43 [139801001669312] INFO perfrun.perfcollector <> - format: edge config:18 mask:18
43 [139801001669312] INFO perfrun.perfcollector <> - format: inv config:23 mask:23
43 [139801001669312] INFO perfrun.perfcollector <> - format: umask config:8-15 mask:8-15
43 [139801001669312] INFO perfrun.perfcollector <> - format: tid_en config:19 mask:19
43 [139801001669312] INFO perfrun.perfcollector <> - format: thresh config:24-31 mask:24-31
43 [139801001669312] WARN perfrun.perfcollector <> - pmu hwInfo is not set, at file: vcs/perfrun1/plugins/perfcollector/src/controller.cpp:819
43 [139801001669312] INFO perfrun.perfcollector <> - pmu added : family : uncore_sbox , id : 1
43 [139801001669312] INFO perfrun.perfcollector <> - dir found : /sys/bus/event_source/devices/uncore_cbox_7
43 [139801001669312] INFO perfrun.perfcollector <> - format: event config:0-7 mask:0-7
43 [139801001669312] INFO perfrun.perfcollector <> - format: filter_link config1:6-8 mask:6-8
43 [139801001669312] INFO perfrun.perfcollector <> - format: filter_c6 config1:61 mask:61
44 [139801001669312] INFO perfrun.perfcollector <> - format: edge config:18 mask:18
44 [139801001669312] INFO perfrun.perfcollector <> - format: filter_isoc config1:63 mask:63
44 [139801001669312] INFO perfrun.perfcollector <> - format: filter_tid config1:0-5 mask:0-5
44 [139801001669312] INFO perfrun.perfcollector <> - format: filter_nid config1:32-47 mask:32-47
44 [139801001669312] INFO perfrun.perfcollector <> - format: filter_nc config1:62 mask:62
44 [139801001669312] INFO perfrun.perfcollector <> - format: umask config:8-15 mask:8-15
44 [139801001669312] INFO perfrun.perfcollector <> - format: tid_en config:19 mask:19
44 [139801001669312] INFO perfrun.perfcollector <> - format: thresh config:24-31 mask:24-31
44 [139801001669312] INFO perfrun.perfcollector <> - format: filter_state config1:17-23 mask:17-23
44 [139801001669312] INFO perfrun.perfcollector <> - format: filter_opc config1:52-60 mask:52-60
44 [139801001669312] WARN perfrun.perfcollector <> - pmu hwInfo is not set, at file: vcs/perfrun1/plugins/perfcollector/src/controller.cpp:819
44 [139801001669312] INFO perfrun.perfcollector <> - pmu added : family : uncore_cbox , id : 7
44 [139801001669312] INFO perfrun.perfcollector <> - dir found : /sys/bus/event_source/devices/kprobe
44 [139801001669312] INFO perfrun.perfcollector <> - format: retprobe config:0 mask:0
44 [139801001669312] WARN perfrun.perfcollector <> - pmu hwInfo is not set, at file: vcs/perfrun1/plugins/perfcollector/src/controller.cpp:819
44 [139801001669312] INFO perfrun.perfcollector <> - pmu added : family : kprobe , id : 0
44 [139801001669312] INFO perfrun.perfcollector <> - dir found : /sys/bus/event_source/devices/uncore_cbox_5
44 [139801001669312] INFO perfrun.perfcollector <> - format: event config:0-7 mask:0-7
44 [139801001669312] INFO perfrun.perfcollector <> - format: filter_link config1:6-8 mask:6-8
44 [139801001669312] INFO perfrun.perfcollector <> - format: filter_c6 config1:61 mask:61
44 [139801001669312] INFO perfrun.perfcollector <> - format: edge config:18 mask:18
44 [139801001669312] INFO perfrun.perfcollector <> - format: filter_isoc config1:63 mask:63
44 [139801001669312] INFO perfrun.perfcollector <> - format: filter_tid config1:0-5 mask:0-5
44 [139801001669312] INFO perfrun.perfcollector <> - format: filter_nid config1:32-47 mask:32-47
44 [139801001669312] INFO perfrun.perfcollector <> - format: filter_nc config1:62 mask:62
44 [139801001669312] INFO perfrun.perfcollector <> - format: umask config:8-15 mask:8-15
44 [139801001669312] INFO perfrun.perfcollector <> - format: tid_en config:19 mask:19
44 [139801001669312] INFO perfrun.perfcollector <> - format: thresh config:24-31 mask:24-31
44 [139801001669312] INFO perfrun.perfcollector <> - format: filter_state config1:17-23 mask:17-23
44 [139801001669312] INFO perfrun.perfcollector <> - format: filter_opc config1:52-60 mask:52-60
44 [139801001669312] WARN perfrun.perfcollector <> - pmu hwInfo is not set, at file: vcs/perfrun1/plugins/perfcollector/src/controller.cpp:819
44 [139801001669312] INFO perfrun.perfcollector <> - pmu added : family : uncore_cbox , id : 5
44 [139801001669312] INFO perfrun.perfcollector <> - dir found : /sys/bus/event_source/devices/uncore_imc_0
44 [139801001669312] INFO perfrun.perfcollector <> - format: event config:0-7 mask:0-7
45 [139801001669312] INFO perfrun.perfcollector <> - format: edge config:18 mask:18
45 [139801001669312] INFO perfrun.perfcollector <> - format: inv config:23 mask:23
45 [139801001669312] INFO perfrun.perfcollector <> - format: umask config:8-15 mask:8-15
45 [139801001669312] INFO perfrun.perfcollector <> - format: thresh config:24-31 mask:24-31
45 [139801001669312] INFO perfrun.perfcollector <> - hwInfo : PERF_IMC_PMU_DETAILS
45 [139801001669312] INFO perfrun.perfcollector <> - pmu added : family : uncore_imc , id : 0
45 [139801001669312] INFO perfrun.perfcollector <> - dir found : /sys/bus/event_source/devices/uncore_pcu
45 [139801001669312] INFO perfrun.perfcollector <> - format: filter_band2 config1:16-23 mask:16-23
45 [139801001669312] INFO perfrun.perfcollector <> - format: event config:0-7 mask:0-7
45 [139801001669312] INFO perfrun.perfcollector <> - format: filter_band0 config1:0-7 mask:0-7
45 [139801001669312] INFO perfrun.perfcollector <> - format: edge config:18 mask:18
45 [139801001669312] INFO perfrun.perfcollector <> - format: occ_invert config:30 mask:30
45 [139801001669312] INFO perfrun.perfcollector <> - format: occ_edge config:14-51 mask:14-51
45 [139801001669312] INFO perfrun.perfcollector <> - format: filter_band3 config1:24-31 mask:24-31
45 [139801001669312] INFO perfrun.perfcollector <> - format: filter_band1 config1:8-15 mask:8-15
45 [139801001669312] INFO perfrun.perfcollector <> - format: inv config:23 mask:23
45 [139801001669312] INFO perfrun.perfcollector <> - format: thresh config:24-28 mask:24-28
45 [139801001669312] INFO perfrun.perfcollector <> - format: occ_sel config:14-15 mask:14-15
45 [139801001669312] WARN perfrun.perfcollector <> - pmu hwInfo is not set, at file: vcs/perfrun1/plugins/perfcollector/src/controller.cpp:819
45 [139801001669312] INFO perfrun.perfcollector <> - pmu added : family : uncore_pcu , id : 0
45 [139801001669312] INFO perfrun.perfcollector <> - dir found : /sys/bus/event_source/devices/uncore_r3qpi_1
45 [139801001669312] INFO perfrun.perfcollector <> - format: event config:0-7 mask:0-7
45 [139801001669312] INFO perfrun.perfcollector <> - format: edge config:18 mask:18
45 [139801001669312] INFO perfrun.perfcollector <> - format: inv config:23 mask:23
45 [139801001669312] INFO perfrun.perfcollector <> - format: umask config:8-15 mask:8-15
45 [139801001669312] INFO perfrun.perfcollector <> - format: thresh config:24-31 mask:24-31
45 [139801001669312] WARN perfrun.perfcollector <> - pmu hwInfo is not set, at file: vcs/perfrun1/plugins/perfcollector/src/controller.cpp:819
45 [139801001669312] INFO perfrun.perfcollector <> - pmu added : family : uncore_r3qpi , id : 1
45 [139801001669312] INFO perfrun.perfcollector <> - dir found : /sys/bus/event_source/devices/msr
45 [139801001669312] INFO perfrun.perfcollector <> - format: event config:0-63 mask:0-63
45 [139801001669312] WARN perfrun.perfcollector <> - pmu hwInfo is not set, at file: vcs/perfrun1/plugins/perfcollector/src/controller.cpp:819
45 [139801001669312] INFO perfrun.perfcollector <> - pmu added : family : msr , id : 0
45 [139801001669312] INFO perfrun.perfcollector <> - dir found : /sys/bus/event_source/devices/uncore_cbox_3
46 [139801001669312] INFO perfrun.perfcollector <> - format: event config:0-7 mask:0-7
46 [139801001669312] INFO perfrun.perfcollector <> - format: filter_link config1:6-8 mask:6-8
46 [139801001669312] INFO perfrun.perfcollector <> - format: filter_c6 config1:61 mask:61
46 [139801001669312] INFO perfrun.perfcollector <> - format: edge config:18 mask:18
46 [139801001669312] INFO perfrun.perfcollector <> - format: filter_isoc config1:63 mask:63
46 [139801001669312] INFO perfrun.perfcollector <> - format: filter_tid config1:0-5 mask:0-5
46 [139801001669312] INFO perfrun.perfcollector <> - format: filter_nid config1:32-47 mask:32-47
46 [139801001669312] INFO perfrun.perfcollector <> - format: filter_nc config1:62 mask:62
46 [139801001669312] INFO perfrun.perfcollector <> - format: umask config:8-15 mask:8-15
46 [139801001669312] INFO perfrun.perfcollector <> - format: tid_en config:19 mask:19
46 [139801001669312] INFO perfrun.perfcollector <> - format: thresh config:24-31 mask:24-31
46 [139801001669312] INFO perfrun.perfcollector <> - format: filter_state config1:17-23 mask:17-23
46 [139801001669312] INFO perfrun.perfcollector <> - format: filter_opc config1:52-60 mask:52-60
46 [139801001669312] WARN perfrun.perfcollector <> - pmu hwInfo is not set, at file: vcs/perfrun1/plugins/perfcollector/src/controller.cpp:819
46 [139801001669312] INFO perfrun.perfcollector <> - pmu added : family : uncore_cbox , id : 3
46 [139801001669312] INFO perfrun.perfcollector <> - dir found : /sys/bus/event_source/devices/uncore_ha_1
46 [139801001669312] INFO perfrun.perfcollector <> - format: event config:0-7 mask:0-7
46 [139801001669312] INFO perfrun.perfcollector <> - format: edge config:18 mask:18
46 [139801001669312] INFO perfrun.perfcollector <> - format: inv config:23 mask:23
46 [139801001669312] INFO perfrun.perfcollector <> - format: umask config:8-15 mask:8-15
46 [139801001669312] INFO perfrun.perfcollector <> - format: thresh config:24-31 mask:24-31
46 [139801001669312] WARN perfrun.perfcollector <> - pmu hwInfo is not set, at file: vcs/perfrun1/plugins/perfcollector/src/controller.cpp:819
46 [139801001669312] INFO perfrun.perfcollector <> - pmu added : family : uncore_ha , id : 1
46 [139801001669312] INFO perfrun.perfcollector <> - dir found : /sys/bus/event_source/devices/uncore_cbox_1
46 [139801001669312] INFO perfrun.perfcollector <> - format: event config:0-7 mask:0-7
46 [139801001669312] INFO perfrun.perfcollector <> - format: filter_link config1:6-8 mask:6-8
46 [139801001669312] INFO perfrun.perfcollector <> - format: filter_c6 config1:61 mask:61
46 [139801001669312] INFO perfrun.perfcollector <> - format: edge config:18 mask:18
46 [139801001669312] INFO perfrun.perfcollector <> - format: filter_isoc config1:63 mask:63
46 [139801001669312] INFO perfrun.perfcollector <> - format: filter_tid config1:0-5 mask:0-5
46 [139801001669312] INFO perfrun.perfcollector <> - format: filter_nid config1:32-47 mask:32-47
46 [139801001669312] INFO perfrun.perfcollector <> - format: filter_nc config1:62 mask:62
46 [139801001669312] INFO perfrun.perfcollector <> - format: umask config:8-15 mask:8-15
47 [139801001669312] INFO perfrun.perfcollector <> - format: tid_en config:19 mask:19
47 [139801001669312] INFO perfrun.perfcollector <> - format: thresh config:24-31 mask:24-31
47 [139801001669312] INFO perfrun.perfcollector <> - format: filter_state config1:17-23 mask:17-23
47 [139801001669312] INFO perfrun.perfcollector <> - format: filter_opc config1:52-60 mask:52-60
47 [139801001669312] WARN perfrun.perfcollector <> - pmu hwInfo is not set, at file: vcs/perfrun1/plugins/perfcollector/src/controller.cpp:819
47 [139801001669312] INFO perfrun.perfcollector <> - pmu added : family : uncore_cbox , id : 1
47 [139801001669312] INFO perfrun.launcher <> - plugin perf has been added successfully
47 [139801001669312] INFO perfrun.launcher <> - plugin aoclprofile has been added successfully
47 [139801001669312] INFO perfrun.launcher <> - plugin tpss has been added successfully
47 [139801001669312] INFO perfrun.launcher <> - plugin exprof has been added successfully
47 [139801001669312] INFO perfrun.launcher <> - plugin media has been added successfully
47 [139801001669312] INFO perfrun.launcher <> - plugin ice has been added successfully
47 [139801001669312] INFO perfrun.launcher <> - plugin  has been added successfully
47 [139801001669312] INFO perfrun.launcher <> - plugin  has been added successfully
47 [139801001669312] INFO perfrun.launcher <> - plugin parallelfs has been added successfully
47 [139801001669312] INFO perfrun.launcher <> - plugin power has been added successfully
47 [139801001669312] INFO perfrun.launcher <> - plugin hwloc has been added successfully
47 [139801001669312] INFO perfrun.launcher <> - plugin ipmwatch has been added successfully
47 [139801001669312] INFO perfrun.launcher <> - plugin os_counters has been added successfully
48 [139801001669312] INFO perfrun.launcher <> - the option was added --interval: Specify an interval of data collection (for example, sampling) in milliseconds.
48 [139801001669312] INFO perfrun.launcher <> - the option was added --follow-child: Profile process with or without children.
48 [139801001669312] INFO perfrun.launcher <> - the option was added --gelding: BADMSG: perfrun1.launcher.plugin_manager::gelding
48 [139801001669312] INFO perfrun.launcher <> - the option was added --time-source: Specify time source for measurement. Possible values: sys - wall clock time; tsc - time stamp counter; ext - time from an external source; auto - auto select accurate time source.
48 [139801001669312] INFO perfrun.launcher <> - the option was added --stack: Enable or disable collection of stacks.
48 [139801001669312] INFO perfrun.launcher <> - the option was added --stack-stitching: Enable or disable the stack stitching algorithm for Intel TBB-based applications.
48 [139801001669312] INFO perfrun.launcher <> - the option was added --type: Specify type of data to be collected. For example, --type cpu:counters,waiting:nostack,io.
48 [139801001669312] INFO perfrun.launcher <> - the option was added --mrte-mode: Specify Java/.NET/other managed runtime collection mode. Possible values: native - collect information only for native code; managed - collect information only for managed code; mixed - collect information for both managed and native code; auto - choose the mode based on binary type.
48 [139801001669312] INFO perfrun.launcher <> - the option was added --mrte-mode-list: List supported Java/.NET/other managed runtime collection modes.
48 [139801001669312] INFO perfrun.launcher <> - the option was added --mrte-type: Specify which managed runtimes to collect. Possible values: java - collect information for Java; dotnet - collect information for .NET; python - collect information for CPython. You can specify several values separated by comma.
48 [139801001669312] INFO perfrun.launcher <> - the option was added --mrte-type-list: List supported Java/.NET/other managed runtime types.
48 [139801001669312] INFO perfrun.launcher <> - the option was added --trace-strategy: Specify how to profile a process tree. <string> can be "<process>:trace:notrace" - profile the process but do not profile its children. Shorthand parameters: t - trace, nt - notrace. For example, "vtunedemo.exe:t:t".
48 [139801001669312] INFO perfrun.launcher <> - the option was added --collector: BADMSG: perfrun1.launcher.plugin_manager::collector
48 [139801001669312] INFO perfrun.launcher <> - the option was added --system-wide: Enable system-wide profiling. This mode may require additional permissions.
48 [139801001669312] INFO perfrun.launcher <> - the option was added --kvm-guest: Enable KVM guest OS profiling.
48 [139801001669312] INFO perfrun.launcher <> - the option was added --kvm-guest-kallsyms: Specify a local path to the /proc/kallsyms file copied from the guest OS for proper symbol resolution.
48 [139801001669312] INFO perfrun.launcher <> - the option was added --kvm-guest-modules: Specify a local path to the /proc/modules file copied from the guest OS for proper symbol resolution.
48 [139801001669312] INFO perfrun.launcher <> - the option was added --bandwidth-limits: Measure bandwidth limits
48 [139801001669312] INFO perfrun.launcher <> - the option was added --acrn-map-info: Collect map info for ACRN
48 [139801001669312] INFO perfrun.launcher <> - the option was added --bandwidth-strategy: Bandwidth limits determination specific properties (example: --bandwidth-strategy array-size=0,duration=500).
48 [139801001669312] INFO perfrun.launcher <> - the option was added --bandwidth-config: List of benchmarks to run.
48 [139801001669312] INFO perfrun.launcher <> - the option was added --target-gpu: target-gpu
48 [139801001669312] INFO perfrun.launcher <> - the option was added --dump-vdso: Dump [vdso] to result directory
48 [139801001669312] INFO perfrun.launcher <> - the option was added --system-collector-config: Specify subcollectors. Possible values: all, container, device-info, none. Specify subcollectors. Possible values: all, vdso.
49 [139801001669312] INFO perfrun.launcher <> - the option was added --itt-config: Specify a sub-set of ITT API to collect.
49 [139801001669312] INFO perfrun.launcher <> - the option was added --itt-debug: Set pseudo-breakpoint at ITT API collector's start to enable the debugger to attach early.
49 [139801001669312] INFO perfrun.launcher <> - the option was added --ptrace: Ptrace collector.
49 [139801001669312] INFO perfrun.launcher <> - the option was added --target-pid: BADMSG: perfrun1.ptracecollector::target-pid
49 [139801001669312] INFO perfrun.launcher <> - the option was added --ptrace-server-pid: BADMSG: perfrun1.ptracecollector::ptrace-server-pid
49 [139801001669312] INFO perfrun.launcher <> - the option was added --ptrace-trace: BADMSG: perfrun1.ptracecollector::ptrace-trace
49 [139801001669312] INFO perfrun.launcher <> - the option was added --ptrace-time-source: BADMSG: perfrun1.ptracecollector::ptrace-time-source
49 [139801001669312] INFO perfrun.launcher <> - the option was added --ptrace-start-type: BADMSG: perfrun1.ptracecollector::ptrace-start-type
49 [139801001669312] INFO perfrun.launcher <> - the option was added --gpu-config: Specify types of GPU data to be collected. Possible values: preset1, preset2.
49 [139801001669312] INFO perfrun.launcher <> - the option was added --gpu-debug: Enable self-testing of the GPGPU profiling collector.
49 [139801001669312] INFO perfrun.launcher <> - the option was added --gpu-counting: Collect GPU data in the counting mode.
49 [139801001669312] INFO perfrun.launcher <> - the option was added --emon-preset: Specify a preset for EMON collector. For available presets, run: emon -preset-list.
49 [139801001669312] INFO perfrun.launcher <> - the option was added --emon-csv-trace-format: Use CSV format for EMON trace file.
49 [139801001669312] INFO perfrun.launcher <> - the option was added --emon-machine-readable-ver: Write machine readable EMON version file.
49 [139801001669312] INFO perfrun.launcher <> - the option was added --custom-collector: Allows to provide arbitrary command line to be run on collection steps.
49 [139801001669312] INFO perfrun.launcher <> - the option was added --stdsrc-config: Specify Standard Sources category tag(s).
49 [139801001669312] INFO perfrun.launcher <> - the option was added --ftrace-config-list: List Linux Ftrace category tag(s).
49 [139801001669312] INFO perfrun.launcher <> - the option was added --ftrace-config: Specify Linux Ftrace category tag(s).
49 [139801001669312] INFO perfrun.launcher <> - the option was added --ftrace-function-groups: Enable tracing of specific groups of functions.
49 [139801001669312] INFO perfrun.launcher <> - the option was added --event-info: BADMSG: perfrun1.stdsrc::event-info
49 [139801001669312] INFO perfrun.launcher <> - the option was added --cpu-list: List supported CPUs.
49 [139801001669312] INFO perfrun.launcher <> - the option was added --target-list: List available targets for performing sampling collection.
49 [139801001669312] INFO perfrun.launcher <> - the option was added --event-value-list: Display event information.
49 [139801001669312] INFO perfrun.launcher <> - the option was added --platform-value-list: Display details of supported platforms.
49 [139801001669312] INFO perfrun.launcher <> - the option was added --uncore-event-list: List uncore events for which a sampling data collection can be performed on this platform.
49 [139801001669312] INFO perfrun.launcher <> - the option was added --modifier-list: Specify the event name <string> for which the modifiers list is requested.
50 [139801001669312] INFO perfrun.launcher <> - the option was added --pmu-list: List supported PMUs.
50 [139801001669312] INFO perfrun.launcher <> - the option was added --os-mode-only: Enable sampling data collection for OS-mode processes only.
50 [139801001669312] INFO perfrun.launcher <> - the option was added --user-mode-only: Enable sampling data collection for user-mode processes only.
50 [139801001669312] INFO perfrun.launcher <> - the option was added --event-config: Perform data collection for the events with <string> configured using the format <event name1>":modifier1=val:modifier2=val/constraint1={:modifier3=val:modifier4=val}...,"<event name2>":... Specify the events(s) to monitor and embed the event names within double quotes("). [:modifier=val] specifies individual event modifiers along with the respective values for a given platform. Note that the modifiers can be generic to an event as well as specific to a constraint (or an event qualifier). The constraint specific special modifiers appear after [/constraint=]. The modifiers can be in decimal or hexadecimal format. Only specific modifiers accept the value as a string. Each event specification is delimited by a comma (,). For a list of supported modifiers and constraints, refer to the documentation.
50 [139801001669312] INFO perfrun.launcher <> - the option was added --chipset-event-config: Perform data collection for the chipset events with <string> configured using the format "<event name1>"...,"<event name2>":... Specify the events(s) to monitor and embed the event names within double quotes(").
50 [139801001669312] INFO perfrun.launcher <> - the option was added --uncore-event-config: Perform uncore data collection in ebc count mode for the events with <string> configured using the format "<event name1>"...,"<event name2>":... Specify the events(s) to monitor and embed the event names within double quotes(").
50 [139801001669312] INFO perfrun.launcher <> - the option was added --count-emon: Enable counting mode and output the data in EMON format.
50 [139801001669312] INFO perfrun.launcher <> - the option was added --event-based-counts: Enable event-based counting mode. During sampling data collection, event counts data is collected for the list of events specified in -event-config option.
50 [139801001669312] INFO perfrun.launcher <> - the option was added --event-mux-tfactor: Specify the event multiplexing tfactor as <integer> to set the length of the interval between interrupts. The larger the tfactor value, the larger the period between interrupts. Currently this option is only available on Intel platforms codenamed Knights Corner.
50 [139801001669312] INFO perfrun.launcher <> - the option was added --full-pebs-capture: Capture full pebs information.
50 [139801001669312] INFO perfrun.launcher <> - the option was added --last-branch-records: Capture Last Branch Records information.
50 [139801001669312] INFO perfrun.launcher <> - the option was added --pmu-type: Specify the targeted PMU name as <string>.
50 [139801001669312] INFO perfrun.launcher <> - the option was added --platform-type: Specify the targeted platform number as <number>.
50 [139801001669312] INFO perfrun.launcher <> - the option was added --p-state-trigger: Specify the name of the trigger event for P-state data as <string>. The default trigger is CPU_CLK_UNHALTED.REF_TSC.
50 [139801001669312] INFO perfrun.launcher <> - the option was added --rdt-auto-rmid: Enable automatic Core pinning on RMIDs for RDT monitoring capabilities.
50 [139801001669312] INFO perfrun.launcher <> - the option was added --bts-count: Specify the <integer> number of BTS records collected after each sample or context switch (VTSS++ only).
50 [139801001669312] INFO perfrun.launcher <> - the option was added --cpu-mask: Specify which CPU(s) <string> to collect data on. For example, specify "2-8,10,12-14" to sample only CPUs 2 through 8, 10, and 12 through 14.
50 [139801001669312] INFO perfrun.launcher <> - the option was added --event-mux-alg: Specify the event multiplexing algorithm. Possible values: sequence, timer, trigger.
50 [139801001669312] INFO perfrun.launcher <> - the option was added --event-mux-timeslice: Specify the event multiplexing time slice value as <integer>. The time slice specifies the duration between cycles for each event multiplexing group. The default value is 50 milliseconds. This option is valid only for timer-based event multiplexing. Specify the event multiplexing time slice value as <integer>. The time slice specifies the duration between cycles for each event multiplexing group. The default value is 1 millisecond. This option is valid only for timer-based event multiplexing.
50 [139801001669312] INFO perfrun.launcher <> - the option was added --event-mux-factor: Specify the event multiplexing factor as <integer>. It controls the switching of event multiplexing groups. The default factor is 50. This option is valid only for trigger-based event multiplexing. Specify the event multiplexing factor as <integer>. It controls the switching of event multiplexing groups. The default factor is 1. This option is valid only for trigger-based event multiplexing.
50 [139801001669312] INFO perfrun.launcher <> - the option was added --event-mux-trigger: Specify the name of the trigger event for event multiplexing as <string>. This option is valid only for trigger-based event multiplexing. The default trigger is CPU_CLK_UNHALTED.CORE (or CPU_CLK_UNHALTED.THREAD). BADMSG: perfrun1.vtsspp::event-mux-trigger
50 [139801001669312] INFO perfrun.launcher <> - the option was added --pt-mode: BADMSG: perfrun1.vtsspp::pt-mode
50 [139801001669312] INFO perfrun.launcher <> - the option was added --sample-after-multiplier: Specify the sample after multiplier as <double>. This multiplier modifies the sample after value for all the events specified in -event-config option. The values can range from 0.1 to 100.0. SAV multiplier value
50 [139801001669312] INFO perfrun.launcher <> - the option was added --uncore-sampling-interval: Specify the uncore sampling interval as <integer>. This value set the uncore sampling interval for all the uncore events specified in -event-config option.
50 [139801001669312] INFO perfrun.launcher <> - the option was added --count: Enable counting mode. Enable counting mode
51 [139801001669312] INFO perfrun.launcher <> - the option was added --trace-mpi: Configure collector to trace MPI code.
51 [139801001669312] INFO perfrun.launcher <> - the option was added --aggregated-counting: Enable aggregated counting mode. Enable aggregated-counting mode
51 [139801001669312] INFO perfrun.launcher <> - the option was added --perf-per-cpu: System-wide collection from all CPUs
51 [139801001669312] INFO perfrun.launcher <> - the option was added --raw-perf-config: Specify a verified configuration for the Perf collector in the format: <describer>,<content>. For example: map-events-file,<path_to_map_events_file>.
51 [139801001669312] INFO perfrun.launcher <> - the option was added --sys-config: BADMSG: perfrun1.vtsspp::sys-config Specify types of system data to be collected. Supported value: cswitch - collect context switch information.
51 [139801001669312] INFO perfrun.launcher <> - the option was added --perf-event-config: Specify events for Perf collector in Perf format. For example: perf-event-config=cpu-clock.
51 [139801001669312] INFO perfrun.launcher <> - the option was added --perf-aio: Number of control blocks in asynchronous trace writing mode.
51 [139801001669312] INFO perfrun.launcher <> - the option was added --perf-compression: Specify compression of Perf collector output data. Possible levels: 0 - without compression, 1..3 - best speed, 4..22 - best compression that incurs big overhead.
51 [139801001669312] INFO perfrun.launcher <> - the option was added --perf-mmap-flush: Minimum data size read from the kernel mapped region.
51 [139801001669312] INFO perfrun.launcher <> - the option was added --perf-affinity: Adjust an affinity mask of the Perf thread to a node with an allocated memory trace buffer.
51 [139801001669312] INFO perfrun.launcher <> - the option was added --perf-threads: Setup threading mode for trace writing.
51 [139801001669312] INFO perfrun.launcher <> - the option was added --generate-platform-cmd: Get perf command line for an arbitrary target.
51 [139801001669312] INFO perfrun.launcher <> - the option was added --aocl-profile: Enable profiling and data collection through AOCL profiling tool.
51 [139801001669312] INFO perfrun.launcher <> - the option was added --aocl-source-file: Path to .source file. Find this in the compilation output directory of the FPGA application. Use this option to help attribute performance statistics to the source lines. If unspecified, AOCL profiler will attempt to locate the file in the current directory.
51 [139801001669312] INFO perfrun.launcher <> - the option was added --aocl-binary-aocx-file: Path to .aocx file (OpenCL flow) or host binary (DPC++ flow). If you do not provide this path: 1) For OpenCL flow, AOCL Profiler attempts to locate the file in the working directory. 2) For DPC++ flow, the collector assumes that host binary is used as an application to launch.
51 [139801001669312] INFO perfrun.launcher <> - the option was added --aocl-period: Specifies the number of cycles between readbacks from the device. The default value is 0 and indicates that the profiler should read back data as often as possible.
51 [139801001669312] INFO perfrun.launcher <> - the option was added --aocl-no-temporal: Disables readback during execution and only reads back non-autorun kernels once they finish executing.
51 [139801001669312] INFO perfrun.launcher <> - the option was added --aocl-no-mem-transfers: Disables the recording of memory transfer information.
51 [139801001669312] INFO perfrun.launcher <> - the option was added --stackwalk: Specify stack unwinding method. Possible values: online - unwind stacks during collection; offline - unwind stacks after collection is finished. Specify stack unwinding method. Possible value: lbr - unwind stacks during collection. Specify stack unwinding method. Possible values: online - unwind stacks during collection; offline - unwind stacks after collection is finished; lbr - enable LBR-based call stack collection. Specify stack unwinding method. Possible values: online - unwind stacks during collection; offline - unwind stacks after collection is finished. Specify stack unwinding method. Possible values: online - unwind stacks during collection; offline - unwind stacks after collection is finished.
51 [139801001669312] INFO perfrun.launcher <> - the option was added --filter-include: Filter data during collection. Possible values: contended=<on|off> - filter out uncontended events; contended_nostack=<time> - filter out stacks for contended events that take less than <time> microseconds; wait=<time> - ignore transitions and blocks with wait time less than <time> microseconds; wait_nostack=<time> - filter out stacks for waits that take less than <time> microseconds.
51 [139801001669312] INFO perfrun.launcher <> - the option was added --debug-pin: Debug PIN tool and runtime.
51 [139801001669312] INFO perfrun.launcher <> - the option was added --debug-exception: Disallow the application to set own abnormal termination handler.
51 [139801001669312] INFO perfrun.launcher <> - the option was added --trace-type: Specify the trace file granularity. Possible values: per-thread - per-thread trace file generation; per-process - per-process trace file generation.
52 [139801001669312] INFO perfrun.launcher <> - the option was added --instrumentation-type: Specify type of instrumentation.
52 [139801001669312] INFO perfrun.launcher <> - the option was added --altstack: Enable or disable usage of altstacks for profiling signal handlers.
52 [139801001669312] INFO perfrun.launcher <> - the option was added --profiling-signal: BADMSG: perfrun1.ptracecollector::profiling-signal Alternate profiling signal.
52 [139801001669312] INFO perfrun.launcher <> - the option was added --memory-strategy: Specify a minimal memory object size to be traced and a hash table size for faster objects search; for example: --memory-strategy obj-size-min=1024,hash-table-size=4096.
52 [139801001669312] INFO perfrun.launcher <> - the option was added --gpu-profiling-type: Specify a type of deep GPU profiling: none, bblatency, memlatency, instcount.
52 [139801001669312] INFO perfrun.launcher <> - the option was added --opencl-trace-mode: Specify OpenCL kernel tracing modes: 'default' to trace OpenCL kernels for Intel Graphics Driver only; 'epoch' for any non-Intel graphics, where OpenCL kernels will be traced and OpenCL profiling API timestamps will be interpreted as Unux Epoch time in nanoseconds; 'completion' to trace OpenCL kernels for any Graphics Driver and bind OpenCL profiling API timestamps to the timestamp of OpenCL completion callback.
52 [139801001669312] INFO perfrun.launcher <> - the option was added --gpu-kernels-to-profile: Specify a comma-separated list of GPU kernel names and invocations to be profiled in the following format: kernel_name[#start_idx#step#stop_idx], where kernel_name is the name of GPU kernel; start_idx is the number of the first invocation; and stop_idx is the number of the last invocation to be profiled.
52 [139801001669312] INFO perfrun.launcher <> - the option was added --exprof-com-list: List available COM ports.
52 [139801001669312] INFO perfrun.launcher <> - the option was added --exprof-dvc-list: List available DvC IDs.
52 [139801001669312] INFO perfrun.launcher <> - the option was added --exprof-trace-channel: BADMSG: perfrun1.exprof::exprof-trace-channel
52 [139801001669312] INFO perfrun.launcher <> - the option was added --exprof-event-config: Specify ExactProfiling Event Classes.
52 [139801001669312] INFO perfrun.launcher <> - the option was added --ice-pmons-list: BADMSG: perfrun1.ice::ice-pmons-list
52 [139801001669312] INFO perfrun.launcher <> - the option was added --ice-pmons-config: BADMSG: perfrun1.ice::ice-pmons-config
52 [139801001669312] INFO perfrun.launcher <> - the option was added --ice-sw-trace: Collect software traces of the Intel Neural Network Processor (NNP-I) and analyze software context of inference progress.
52 [139801001669312] INFO perfrun.launcher <> - the option was added --ice-sample-after-value: BADMSG: perfrun1.ice::ice-sample-after-value
52 [139801001669312] INFO perfrun.launcher <> - the option was added --ice-frequency: BADMSG: perfrun1.ice::ice-frequency
52 [139801001669312] INFO perfrun.launcher <> - the option was added --parallel-fs-config: Specify parallel fs counters to collect.
52 [139801001669312] INFO perfrun.launcher <> - the option was added --pwr-config: BADMSG: perfrun1.vtsspp::pwr-config Specify power metrics configuration.
52 [139801001669312] INFO perfrun.launcher <> - the option was added --pwr-sampling-interval: Specify Intel SoC Watch sampling interval.
52 [139801001669312] INFO perfrun.launcher <> - the option was added --collect-topology: Collect topology info with hwloc.
52 [139801001669312] INFO perfrun.launcher <> - the option was added --persistent-mem-metrics: Collect Persistent Memory performance counters.
52 [139801001669312] INFO perfrun.launcher <> - the option was added --os-counters: Collect OS counters
55 [139801001669312] INFO perfrun.launcher <> - create msngr2::ICliToolContext
55 [139801001669312] INFO perfrun.launcher <> - create file finder object
55 [139801001669312] INFO perfrun.launcher <> - create a result directory: pattern = /home/users/dhamorim/pagerank-openmp/results/hotspots_web-Google_1 pid = 4294967295
58 [139801001669312] INFO perfrun.sdk <> - checked that the directory /home/users/dhamorim/pagerank-openmp/results/hotspots_web-Google_1 is a local directory
58 [139801001669312] INFO perfrun.sdk <> - the directory /home/users/dhamorim/pagerank-openmp/results/hotspots_web-Google_1 is located on a share or its FS ID is unknown 26985
58 [139801001669312] INFO perfrun.sdk <> - checked that the directory /tmp/amplxe-tmp-dhamorim is a local directory
58 [139801001669312] INFO perfrun.sdk <> - the directory /tmp/amplxe-tmp-dhamorim is a local directory with FS type ID 61267
59 [139801001669312] INFO perfrun.launcher <> - Create a local result directory /tmp/amplxe-tmp-dhamorim/amplxe-res-147968-7382659528703590 due to the user result path /home/users/dhamorim/pagerank-openmp/results/hotspots_web-Google_1 is located on a share
59 [139801001669312] INFO perfrun.launcher <> - create data directory = /tmp/amplxe-tmp-dhamorim/amplxe-res-147968-7382659528703590/data.0
59 [139801001669312] INFO perfrun.launcher <> - create data directory = /home/users/dhamorim/pagerank-openmp/results/hotspots_web-Google_1/data.1
62 [139801001669312] INFO perfrun.launcher <> - Creating the master collection flag
65 [139801001669312] INFO perfrun.launcher <> - Done creating the master collection flag
70 [139800845739712] INFO perfrun.launcher <> - plugin [remoteplug] was disabled because it doesn't support the given collection type.
70 [139800845739712] INFO perfrun.sdk <> - Allocating TMU :/tmp/amplxe-tmp-dhamorim/amplxe-res-147968-7382659528703590/data.0/systemcollector-147968-hype5.sc
70 [139800845739712] INFO perfrun.system <> - Tpss based collection
70 [139800845739712] INFO perfrun.launcher <> - plugin [ptracecollector] was disabled because it doesn't support the given collection type.
70 [139800845739712] INFO perfrun.launcher <> - plugin [gpu] was disabled because it doesn't support the given collection type.
70 [139800845739712] INFO perfrun.launcher <> - plugin [] was disabled because it doesn't support the given collection type.
70 [139800845739712] INFO perfrun.launcher <> - plugin [] was disabled because it doesn't support the given collection type.
70 [139800845739712] INFO perfrun.launcher <> - plugin [] was disabled because it doesn't support the given collection type.
70 [139800845739712] INFO perfrun.mrte <> - system-wide mode is 0
70 [139800845739712] INFO perfrun.mrte <> - Getting  mrte profiling environment ...
95 [139800845739712] INFO perfrun.mrte <> - INTEL_MRTE_DATA_DIR=/tmp/amplxe-tmp-dhamorim/amplxe-res-147968-7382659528703590/data.0
95 [139800845739712] INFO perfrun.mrte <> - INTEL_MRTE_HOST_NAME=hype5
95 [139800845739712] INFO perfrun.mrte <> - JAVA_TOOL_OPTIONS=-agentlib:amplxe_tpssmrte_javaprof_1.0 -Dsun.boot.library.path=/home/intel/oneapi/vtune/2021.1.1/lib32/runtime:/home/intel/oneapi/vtune/2021.1.1/lib64/runtime
95 [139800845739712] INFO perfrun.mrte <> - Data directory: /tmp/amplxe-tmp-dhamorim/amplxe-res-147968-7382659528703590/data.0
95 [139800845739712] INFO perfrun.mrte <> - Mrte plugin is initialized
95 [139800845739712] INFO perfrun.launcher <> - plugin [emon] was disabled because it doesn't support the given collection type.
95 [139800845739712] INFO perfrun.launcher <> - plugin [cuscol] was disabled because it doesn't support the given collection type.
95 [139800845739712] INFO perfrun.launcher <> - plugin [stdsrc] was disabled because it doesn't support the given collection type.
95 [139800845739712] INFO perfrun.launcher <> - plugin [sep] was disabled because it doesn't support the given collection type.
96 [139800845739712] INFO perfrun.launcher <> - plugin [vtsspp] was disabled because it doesn't support the given collection type.
96 [139800845739712] INFO perfrun.sdk <> - runCmd: "/home/intel/oneapi/vtune/2021.1.1/bin64/sep" -dry-run -sam 1 -ec "CPU_CLK_UNHALTED.THREAD,CPU_CLK_UNHALTED.REF_TSC:sample:sa=2300000,INST_RETIRED.ANY:sample:sa=2300000,CPU_CLK_UNHALTED.REF_XCLK,CPU_CLK_UNHALTED.ONE_THREAD_ACTIVE,UOPS_RETIRED.RETIRE_SLOTS:sample:sa=2000003" -experimental
117 [139800845739712] INFO perfrun.perfcollector <> - SepDryRun RC = true
117 [139800845739712] INFO perfrun.perfcollector <> - DRY_RUN : "PMU type: Core (core)"
121 [139800845739712] INFO perfrun.perfcollector <> - pmu type : cpu
122 [139800845739712] INFO perfrun.perfcollector <> - DRY_RUN : "Group 0:"
122 [139800845739712] INFO perfrun.perfcollector <> - id : 0
122 [139800845739712] INFO perfrun.perfcollector <> - DRY_RUN : "INST_RETIRED.ANY: event id 2"
122 [139800845739712] INFO perfrun.perfcollector <> - eventName : INST_RETIRED.ANY , eventId : 2
122 [139800845739712] INFO perfrun.perfcollector <> - DRY_RUN : "CPU_CLK_UNHALTED.THREAD: event id 0"
122 [139800845739712] INFO perfrun.perfcollector <> - eventName : CPU_CLK_UNHALTED.THREAD , eventId : 0
122 [139800845739712] INFO perfrun.perfcollector <> - DRY_RUN : "CPU_CLK_UNHALTED.REF_TSC: event id 1"
122 [139800845739712] INFO perfrun.perfcollector <> - eventName : CPU_CLK_UNHALTED.REF_TSC , eventId : 1
122 [139800845739712] INFO perfrun.perfcollector <> - DRY_RUN : "CPU_CLK_UNHALTED.REF_XCLK: event id 3"
122 [139800845739712] INFO perfrun.perfcollector <> - eventName : CPU_CLK_UNHALTED.REF_XCLK , eventId : 3
122 [139800845739712] INFO perfrun.perfcollector <> - DRY_RUN : "CPU_CLK_UNHALTED.ONE_THREAD_ACTIVE: event id 4"
122 [139800845739712] INFO perfrun.perfcollector <> - eventName : CPU_CLK_UNHALTED.ONE_THREAD_ACTIVE , eventId : 4
122 [139800845739712] INFO perfrun.perfcollector <> - DRY_RUN : "UOPS_RETIRED.RETIRE_SLOTS: event id 5"
122 [139800845739712] INFO perfrun.perfcollector <> - eventName : UOPS_RETIRED.RETIRE_SLOTS , eventId : 5
122 [139800845739712] INFO perfrun.perfcollector <> - DRY_RUN : "CCCR"
122 [139800845739712] INFO perfrun.perfcollector <> - DRY_RUN : "reg_type       = 1	event_id       = g	reg_id         = 38f	reg_value      = 700000007"
122 [139800845739712] INFO perfrun.perfcollector <> - eventId : g , ignored
122 [139800845739712] INFO perfrun.perfcollector <> - DRY_RUN : "reg_type       = 1	event_id       = g	reg_id         = 390	reg_value      = 700000007"
122 [139800845739712] INFO perfrun.perfcollector <> - eventId : g , ignored
122 [139800845739712] INFO perfrun.perfcollector <> - DRY_RUN : "reg_type       = 1	event_id       = g	reg_id         = 3f1	reg_value      = 0"
122 [139800845739712] INFO perfrun.perfcollector <> - eventId : g , ignored
122 [139800845739712] INFO perfrun.perfcollector <> - DRY_RUN : "reg_type       = 1	event_id       = g	reg_id         = 1d9	reg_value      = 1800"
122 [139800845739712] INFO perfrun.perfcollector <> - eventId : g , ignored
122 [139800845739712] INFO perfrun.perfcollector <> - DRY_RUN : "reg_type       = 1	event_id       = g	reg_id         = 38d	reg_value      = bbb"
122 [139800845739712] INFO perfrun.perfcollector <> - eventId : g , ignored
122 [139800845739712] INFO perfrun.perfcollector <> - DRY_RUN : "reg_type       = 1	event_id       = 3	reg_id         = 186	reg_value      = 53013c"
122 [139800845739712] INFO perfrun.perfcollector <> - eventId : 3 , cccrAddr : 186 , cccrVal : 53013c
122 [139800845739712] INFO perfrun.perfcollector <> - DRY_RUN : "reg_type       = 1	event_id       = 4	reg_id         = 187	reg_value      = 53023c"
122 [139800845739712] INFO perfrun.perfcollector <> - eventId : 4 , cccrAddr : 187 , cccrVal : 53023c
122 [139800845739712] INFO perfrun.perfcollector <> - DRY_RUN : "reg_type       = 1	event_id       = 5	reg_id         = 188	reg_value      = 5302c2"
122 [139800845739712] INFO perfrun.perfcollector <> - eventId : 5 , cccrAddr : 188 , cccrVal : 5302c2
122 [139800845739712] INFO perfrun.perfcollector <> - DRY_RUN : "ESCR"
122 [139800845739712] INFO perfrun.perfcollector <> - DRY_RUN : "reg_type       = 2	event_id       = g	reg_id         = 1c8	reg_value      = 0"
122 [139800845739712] INFO perfrun.perfcollector <> - eventId : g , ignored
122 [139800845739712] INFO perfrun.perfcollector <> - DRY_RUN : "DATA"
122 [139800845739712] INFO perfrun.perfcollector <> - DRY_RUN : "reg_type       = 4	event_id       = 2	reg_id         = 309	reg_value      = ffffffdce7a0"
122 [139800845739712] INFO perfrun.perfcollector <> - eventId : 2 , dataAddr : 309 , dataVal : ffffffdce7a0
122 [139800845739712] INFO perfrun.perfcollector <> - DRY_RUN : "reg_type       = 4	event_id       = 0	reg_id         = 30a	reg_value      = ffffffe17b7d"
122 [139800845739712] INFO perfrun.perfcollector <> - eventId : 0 , dataAddr : 30a , dataVal : ffffffe17b7d
122 [139800845739712] INFO perfrun.perfcollector <> - DRY_RUN : "reg_type       = 4	event_id       = 1	reg_id         = 30b	reg_value      = ffffffdce7a0"
122 [139800845739712] INFO perfrun.perfcollector <> - eventId : 1 , dataAddr : 30b , dataVal : ffffffdce7a0
122 [139800845739712] INFO perfrun.perfcollector <> - DRY_RUN : "reg_type       = 4	event_id       = 3	reg_id         = c1	reg_value      = fffffffe795d"
122 [139800845739712] INFO perfrun.perfcollector <> - eventId : 3 , dataAddr : c1 , dataVal : fffffffe795d
122 [139800845739712] INFO perfrun.perfcollector <> - DRY_RUN : "reg_type       = 4	event_id       = 4	reg_id         = c2	reg_value      = fffffffe795d"
122 [139800845739712] INFO perfrun.perfcollector <> - eventId : 4 , dataAddr : c2 , dataVal : fffffffe795d
122 [139800845739712] INFO perfrun.perfcollector <> - DRY_RUN : "reg_type       = 4	event_id       = 5	reg_id         = c3	reg_value      = ffffffe17b7d"
122 [139800845739712] INFO perfrun.perfcollector <> - eventId : 5 , dataAddr : c3 , dataVal : ffffffe17b7d
122 [139800845739712] INFO perfrun.perfcollector <> - pmu config : cpu , m_cccrAddr : ffffffff , m_cccrVal : 0 , m_escrAddr : ffffffff , m_escrVal : 0 , m_dataAddr : 30a , m_dataVal : ffffffffffe17b7d
122 [139800845739712] INFO perfrun.perfcollector <> - config : event : 3c
122 [139800845739712] INFO perfrun.perfcollector <> - config : pc : 0
122 [139800845739712] INFO perfrun.perfcollector <> - config : edge : 0
122 [139800845739712] INFO perfrun.perfcollector <> - config : any : 0
122 [139800845739712] INFO perfrun.perfcollector <> - config1 : offcore_rsp : 0
122 [139800845739712] INFO perfrun.perfcollector <> - config1 : ldlat : 0
122 [139800845739712] INFO perfrun.perfcollector <> - config : inv : 0
122 [139800845739712] INFO perfrun.perfcollector <> - config : umask : 0
122 [139800845739712] INFO perfrun.perfcollector <> - config : cmask : 0
122 [139800845739712] INFO perfrun.perfcollector <> - format : cpu/event=0x3c,name='CPU_CLK_UNHALTED.THREAD'/D
122 [139800845739712] INFO perfrun.perfcollector <> - pmu config : cpu , m_cccrAddr : ffffffff , m_cccrVal : 0 , m_escrAddr : ffffffff , m_escrVal : 0 , m_dataAddr : 30b , m_dataVal : ffffffffffdce7a0
122 [139800845739712] INFO perfrun.perfcollector <> - config : event : 0
122 [139800845739712] INFO perfrun.perfcollector <> - config : pc : 0
122 [139800845739712] INFO perfrun.perfcollector <> - config : edge : 0
122 [139800845739712] INFO perfrun.perfcollector <> - config : any : 0
122 [139800845739712] INFO perfrun.perfcollector <> - config1 : offcore_rsp : 0
122 [139800845739712] INFO perfrun.perfcollector <> - config1 : ldlat : 0
122 [139800845739712] INFO perfrun.perfcollector <> - config : inv : 0
122 [139800845739712] INFO perfrun.perfcollector <> - config : umask : 3
122 [139800845739712] INFO perfrun.perfcollector <> - config : cmask : 0
122 [139800845739712] INFO perfrun.perfcollector <> - format : cpu/umask=0x3,name='CPU_CLK_UNHALTED.REF_TSC'/D
122 [139800845739712] INFO perfrun.perfcollector <> - pmu config : cpu , m_cccrAddr : ffffffff , m_cccrVal : 0 , m_escrAddr : ffffffff , m_escrVal : 0 , m_dataAddr : 309 , m_dataVal : ffffffffffdce7a0
122 [139800845739712] INFO perfrun.perfcollector <> - config : event : c0
122 [139800845739712] INFO perfrun.perfcollector <> - config : pc : 0
122 [139800845739712] INFO perfrun.perfcollector <> - config : edge : 0
122 [139800845739712] INFO perfrun.perfcollector <> - config : any : 0
122 [139800845739712] INFO perfrun.perfcollector <> - config1 : offcore_rsp : 0
122 [139800845739712] INFO perfrun.perfcollector <> - config1 : ldlat : 0
122 [139800845739712] INFO perfrun.perfcollector <> - config : inv : 0
122 [139800845739712] INFO perfrun.perfcollector <> - config : umask : 0
122 [139800845739712] INFO perfrun.perfcollector <> - config : cmask : 0
122 [139800845739712] INFO perfrun.perfcollector <> - format : cpu/event=0xc0,name='INST_RETIRED.ANY'/D
122 [139800845739712] INFO perfrun.perfcollector <> - pmu config : cpu , m_cccrAddr : 186 , m_cccrVal : 53013c , m_escrAddr : ffffffff , m_escrVal : 0 , m_dataAddr : c1 , m_dataVal : fffffffffffe795d
122 [139800845739712] INFO perfrun.perfcollector <> - config : event : 3c
122 [139800845739712] INFO perfrun.perfcollector <> - config : pc : 0
122 [139800845739712] INFO perfrun.perfcollector <> - config : edge : 0
122 [139800845739712] INFO perfrun.perfcollector <> - config : any : 0
122 [139800845739712] INFO perfrun.perfcollector <> - config1 : offcore_rsp : 0
122 [139800845739712] INFO perfrun.perfcollector <> - config1 : ldlat : 0
122 [139800845739712] INFO perfrun.perfcollector <> - config : inv : 0
122 [139800845739712] INFO perfrun.perfcollector <> - config : umask : 1
122 [139800845739712] INFO perfrun.perfcollector <> - config : cmask : 0
122 [139800845739712] INFO perfrun.perfcollector <> - format : cpu/event=0x3c,umask=0x1,name='CPU_CLK_UNHALTED.REF_XCLK'/
122 [139800845739712] INFO perfrun.perfcollector <> - pmu config : cpu , m_cccrAddr : 187 , m_cccrVal : 53023c , m_escrAddr : ffffffff , m_escrVal : 0 , m_dataAddr : c2 , m_dataVal : fffffffffffe795d
122 [139800845739712] INFO perfrun.perfcollector <> - config : event : 3c
122 [139800845739712] INFO perfrun.perfcollector <> - config : pc : 0
122 [139800845739712] INFO perfrun.perfcollector <> - config : edge : 0
122 [139800845739712] INFO perfrun.perfcollector <> - config : any : 0
122 [139800845739712] INFO perfrun.perfcollector <> - config1 : offcore_rsp : 0
122 [139800845739712] INFO perfrun.perfcollector <> - config1 : ldlat : 0
122 [139800845739712] INFO perfrun.perfcollector <> - config : inv : 0
122 [139800845739712] INFO perfrun.perfcollector <> - config : umask : 2
122 [139800845739712] INFO perfrun.perfcollector <> - config : cmask : 0
122 [139800845739712] INFO perfrun.perfcollector <> - format : cpu/event=0x3c,umask=0x2,name='CPU_CLK_UNHALTED.ONE_THREAD_ACTIVE'/
122 [139800845739712] INFO perfrun.perfcollector <> - pmu config : cpu , m_cccrAddr : 188 , m_cccrVal : 5302c2 , m_escrAddr : ffffffff , m_escrVal : 0 , m_dataAddr : c3 , m_dataVal : ffffffffffe17b7d
122 [139800845739712] INFO perfrun.perfcollector <> - config : event : c2
122 [139800845739712] INFO perfrun.perfcollector <> - config : pc : 0
122 [139800845739712] INFO perfrun.perfcollector <> - config : edge : 0
122 [139800845739712] INFO perfrun.perfcollector <> - config : any : 0
122 [139800845739712] INFO perfrun.perfcollector <> - config1 : offcore_rsp : 0
122 [139800845739712] INFO perfrun.perfcollector <> - config1 : ldlat : 0
122 [139800845739712] INFO perfrun.perfcollector <> - config : inv : 0
122 [139800845739712] INFO perfrun.perfcollector <> - config : umask : 2
122 [139800845739712] INFO perfrun.perfcollector <> - config : cmask : 0
122 [139800845739712] INFO perfrun.perfcollector <> - format : cpu/event=0xc2,umask=0x2,name='UOPS_RETIRED.RETIRE_SLOTS'/
122 [139800845739712] INFO perfrun.perfcollector <> - event: cpu/event=0x3c,name='CPU_CLK_UNHALTED.THREAD'/Duk , added for counting
122 [139800845739712] INFO perfrun.perfcollector <> - event: cpu/umask=0x3,name='CPU_CLK_UNHALTED.REF_TSC'/Duk , added for counting
122 [139800845739712] INFO perfrun.perfcollector <> - event: cpu/event=0xc0,name='INST_RETIRED.ANY'/Duk , added for counting
122 [139800845739712] INFO perfrun.perfcollector <> - event: cpu/event=0x3c,umask=0x1,name='CPU_CLK_UNHALTED.REF_XCLK'/uk , added for counting
122 [139800845739712] INFO perfrun.perfcollector <> - event: cpu/event=0x3c,umask=0x2,name='CPU_CLK_UNHALTED.ONE_THREAD_ACTIVE'/uk , added for counting
122 [139800845739712] INFO perfrun.perfcollector <> - event: cpu/event=0xc2,umask=0x2,name='UOPS_RETIRED.RETIRE_SLOTS'/uk , added for counting
122 [139800815621824] WARN perfrun.perfcollector <> - Perf stat trace pipe capacity: read = 1048576, write = 1048576, at file: vcs/perfrun1/plugins/perfcollector/src/profiler.cpp:763
122 [139800815621824] INFO perfrun.perfcollector <> - Path to Perf control pipe: /tmp/amplxe-tmp-dhamorim/perf-pipe-147968-7382659676517818
124 [139800815621824] INFO perfrun.sdk <> - runCmd: "/home/intel/oneapi/vtune/2021.1.1/bin64/amplxe-perf" stat -v --log-fd 11 --pipe "/tmp/amplxe-tmp-dhamorim/perf-pipe-147968-7382659676517818" --pipe-sync --scale -x ; -e cpu/event=0x3c,name='CPU_CLK_UNHALTED.THREAD'/Duk,cpu/umask=0x3,name='CPU_CLK_UNHALTED.REF_TSC'/Duk,cpu/event=0xc0,name='INST_RETIRED.ANY'/Duk,cpu/event=0x3c,umask=0x1,name='CPU_CLK_UNHALTED.REF_XCLK'/uk,cpu/event=0x3c,umask=0x2,name='CPU_CLK_UNHALTED.ONE_THREAD_ACTIVE'/uk,cpu/event=0xc2,umask=0x2,name='UOPS_RETIRED.RETIRE_SLOTS'/uk "/home/intel/oneapi/vtune/2021.1.1/bin64/amplxe-perf-sync" dryrun sys
207 [139800807229120] INFO perfrun.perfcollector <> - PERF_STAT : "CPU_CLK_UNHALTED.THREAD: 9060628 4013676 4013676"
207 [139800807229120] WARN perfrun.perfcollector <> - Unexpected PERF_STAT format, ignored, at file: vcs/perfrun1/plugins/perfcollector/src/profiler.cpp:490
207 [139800807229120] INFO perfrun.perfcollector <> - PERF_STAT : "CPU_CLK_UNHALTED.REF_TSC: 9100203 4013676 4013676"
207 [139800807229120] WARN perfrun.perfcollector <> - Unexpected PERF_STAT format, ignored, at file: vcs/perfrun1/plugins/perfcollector/src/profiler.cpp:490
207 [139800807229120] INFO perfrun.perfcollector <> - PERF_STAT : "INST_RETIRED.ANY: 9016610 4013676 4013676"
207 [139800807229120] WARN perfrun.perfcollector <> - Unexpected PERF_STAT format, ignored, at file: vcs/perfrun1/plugins/perfcollector/src/profiler.cpp:490
207 [139800807229120] INFO perfrun.perfcollector <> - PERF_STAT : "CPU_CLK_UNHALTED.REF_XCLK: 395659 4013676 4013676"
207 [139800807229120] WARN perfrun.perfcollector <> - Unexpected PERF_STAT format, ignored, at file: vcs/perfrun1/plugins/perfcollector/src/profiler.cpp:490
207 [139800807229120] INFO perfrun.perfcollector <> - PERF_STAT : "CPU_CLK_UNHALTED.ONE_THREAD_ACTIVE: 395659 4013676 4013676"
207 [139800807229120] WARN perfrun.perfcollector <> - Unexpected PERF_STAT format, ignored, at file: vcs/perfrun1/plugins/perfcollector/src/profiler.cpp:490
207 [139800807229120] INFO perfrun.perfcollector <> - PERF_STAT : "UOPS_RETIRED.RETIRE_SLOTS: 9502615 4013676 4013676"
207 [139800807229120] WARN perfrun.perfcollector <> - Unexpected PERF_STAT format, ignored, at file: vcs/perfrun1/plugins/perfcollector/src/profiler.cpp:490
207 [139800807229120] INFO perfrun.perfcollector <> - PERF_STAT : "9060628;;CPU_CLK_UNHALTED.THREAD;4013676;100.00;;"
207 [139800807229120] INFO perfrun.perfcollector <> - PERF_STAT : "9100203;;CPU_CLK_UNHALTED.REF_TSC;4013676;100.00;;"
207 [139800807229120] INFO perfrun.perfcollector <> - PERF_STAT : "9016610;;INST_RETIRED.ANY;4013676;100.00;;"
207 [139800807229120] INFO perfrun.perfcollector <> - PERF_STAT : "395659;;CPU_CLK_UNHALTED.REF_XCLK;4013676;100.00;;"
207 [139800807229120] INFO perfrun.perfcollector <> - PERF_STAT : "395659;;CPU_CLK_UNHALTED.ONE_THREAD_ACTIVE;4013676;100.00;;"
207 [139800807229120] INFO perfrun.perfcollector <> - PERF_STAT : "9502615;;UOPS_RETIRED.RETIRE_SLOTS;4013676;100.00;;"
209 [139800815621824] INFO perfrun.perfcollector <> - Monitor: runCmd RC = true
209 [139800845739712] INFO perfrun.launcher <> - plugin [aoclprofile] was disabled because it doesn't support the given collection type.
209 [139800845739712] INFO perfrun.tpss <> - initialize tpss controller
209 [139800845739712] INFO perfrun.tpss <> - configure collection mode: value = cpu:counters:nostack
209 [139800845739712] INFO perfrun.tpss <> - configure collection mode: value = cpu:stack
210 [139800845739712] INFO perfrun.tpss <> - default obj-size-min=1024
210 [139800845739712] INFO perfrun.tpss <> - default hash-table-size=0
248 [139800845739712] INFO perfrun.launcher <> - plugin [exprof] was disabled because it doesn't support the given collection type.
248 [139800845739712] INFO perfrun.launcher <> - plugin [ice] was disabled because it doesn't support the given collection type.
248 [139800845739712] INFO perfrun.launcher <> - plugin [] was disabled because it doesn't support the given collection type.
248 [139800845739712] INFO perfrun.launcher <> - plugin [] was disabled because it doesn't support the given collection type.
248 [139800845739712] INFO perfrun.launcher <> - plugin [parallelfs] was disabled because it doesn't support the given collection type.
248 [139800845739712] INFO perfrun.launcher <> - plugin [power] was disabled because it doesn't support the given collection type.
248 [139800845739712] INFO perfrun.launcher <> - plugin [hwloc] was disabled because it doesn't support the given collection type.
248 [139800845739712] INFO perfrun.launcher <> - plugin [ipmwatch] was disabled because it doesn't support the given collection type.
248 [139800845739712] INFO perfrun.launcher <> - plugin [os_counters] was disabled because it doesn't support the given collection type.
248 [139801001669312] INFO perfrun.launcher <> - set environment variable: LD_LIBRARY_PATH = /home/intel/oneapi/vtune/2021.1.1/lib32/runtime:/home/intel/oneapi/vtune/2021.1.1/lib64/runtime
248 [139801001669312] INFO perfrun.launcher <> - set environment variable: INTEL_LIBITTNOTIFY32 = /home/intel/oneapi/vtune/2021.1.1/lib32/runtime/libittnotify_collector.so
248 [139801001669312] INFO perfrun.launcher <> - set environment variable: INTEL_LIBITTNOTIFY64 = /home/intel/oneapi/vtune/2021.1.1/lib64/runtime/libittnotify_collector.so
249 [139801001669312] INFO perfrun.launcher <> - set environment variable: INTEL_ITTNOTIFY_GROUPS = 
249 [139801001669312] INFO perfrun.launcher <> - set environment variable: INTEL_JIT_PROFILER32 = /home/intel/oneapi/vtune/2021.1.1/lib32/runtime/libittnotify_collector.so
249 [139801001669312] INFO perfrun.launcher <> - set environment variable: INTEL_JIT_PROFILER64 = /home/intel/oneapi/vtune/2021.1.1/lib64/runtime/libittnotify_collector.so
249 [139801001669312] INFO perfrun.launcher <> - set environment variable: VS_PROFILER = libittnotify_collector.so
249 [139801001669312] INFO perfrun.launcher <> - set environment variable: OMP_TOOL_LIBRARIES = /home/intel/oneapi/vtune/2021.1.1/lib32/runtime/libittnotify_collector.so:/home/intel/oneapi/vtune/2021.1.1/lib64/runtime/libittnotify_collector.so
249 [139801001669312] INFO perfrun.launcher <> - set environment variable: ENABLE_JITPROFILING = 1
249 [139801001669312] INFO perfrun.launcher <> - set environment variable: CL_CONFIG_USE_VTUNE = True
249 [139801001669312] INFO perfrun.launcher <> - set environment variable: KMP_FORKJOIN_FRAMES = 0
249 [139801001669312] INFO perfrun.launcher <> - set environment variable: KMP_FORKJOIN_FRAMES_MODE = 0
249 [139801001669312] INFO perfrun.launcher <> - set environment variable: OMP_TOOL = disabled
249 [139801001669312] INFO perfrun.launcher <> - set environment variable: INTEL_MRTE_DATA_DIR = /tmp/amplxe-tmp-dhamorim/amplxe-res-147968-7382659528703590/data.0
249 [139801001669312] INFO perfrun.launcher <> - set environment variable: INTEL_MRTE_HOST_NAME = hype5
249 [139801001669312] INFO perfrun.launcher <> - set environment variable: JAVA_TOOL_OPTIONS = -agentlib:amplxe_tpssmrte_javaprof_1.0 -Dsun.boot.library.path=/home/intel/oneapi/vtune/2021.1.1/lib32/runtime:/home/intel/oneapi/vtune/2021.1.1/lib64/runtime
249 [139801001669312] INFO perfrun.launcher <> - RpcServer: run RPC server to handle requests
251 [139801001669312] INFO perfrun.launcher <> - Launcher: command line to start before modification = /home/users/dhamorim/pagerank-openmp/pagerank -f /home/users/dhamorim/pagerank-openmp/data/web-Google/web-Google.txt
251 [139801001669312] INFO perfrun.launcher <> - Launcher: command line to start after modification = /home/intel/oneapi/vtune/2021.1.1/bin64/pin -error_file /tmp/amplxe-tmp-dhamorim/amplxe-res-147968-7382659528703590/data.0/pinerr.tpsslog -detach_reattach -follow_execv -tool_load_option deepbind -t64 /home/intel/oneapi/vtune/2021.1.1/lib64/libtpsstool.so -t /home/intel/oneapi/vtune/2021.1.1/lib32/libtpsstool.so -server_name tpss_ipc.147968 -prd_dir /home/intel/oneapi/vtune/2021.1.1 -- /home/users/dhamorim/pagerank-openmp/pagerank -f /home/users/dhamorim/pagerank-openmp/data/web-Google/web-Google.txt
251 [139801001669312] INFO perfrun.launcher <> - ProcessCreator object was created
252 [139801001669312] INFO perfrun.launcher <> - Launcher: the process was started in suspend mode
257 [139800845739712] WARN perfrun.system <> - Could not do anything with /sys/kernel/debug/kvm: boost::filesystem::status: Permission denied: "/sys/kernel/debug/kvm", at file: vcs/perfrun1/plugins/system/src/trace_writer.cpp:796
257 [139800845739712] WARN perfrun.system <> - Folder "/var/run/libvirt/qemu/"doesn't exist, at file: vcs/perfrun1/plugins/system/src/trace_writer.cpp:809
262 [139800845739712] WARN perfrun.sdk <> - Failed to find xl binary on any of the system paths: /bin, /sbin, /usr/bin, /usr/sbin., at file: vcs/perfrun1/sdk/src/utils.cpp:197
262 [139800845739712] WARN perfrun.system <> - Could not start ContainerMapping collector, at file: vcs/perfrun1/plugins/system/src/controller.cpp:468
274 [139800845739712] INFO perfrun.vdso <> - Helper runtool '/home/intel/oneapi/vtune/2021.1.1/bin32/amplxe-runss -dump-vdso -r /tmp/amplxe-tmp-dhamorim/amplxe-res-147968-7382659528703590 --tmp-dir /tmp/amplxe-tmp-dhamorim' returned 1
378 [139800845739712] INFO perfrun.vdso <> - Helper runtool '/home/intel/oneapi/vtune/2021.1.1/bin64/amplxe-runss -dump-vdso -r /tmp/amplxe-tmp-dhamorim/amplxe-res-147968-7382659528703590 --tmp-dir /tmp/amplxe-tmp-dhamorim' returned 0
378 [139800845739712] INFO perfrun.itt <> - start itt controller for pid #147978
378 [139800581502656] WARN perfrun.perfcollector <> - Perf stat trace pipe capacity: read = 1048576, write = 1048576, at file: vcs/perfrun1/plugins/perfcollector/src/profiler.cpp:763
378 [139800581502656] INFO perfrun.perfcollector <> - Path to Perf control pipe: /tmp/amplxe-tmp-dhamorim/perf-pipe-147968-7382660263619453
380 [139800581502656] INFO perfrun.sdk <> - runCmd: "/home/intel/oneapi/vtune/2021.1.1/bin64/amplxe-perf" stat -v --log-fd 22 --pipe "/tmp/amplxe-tmp-dhamorim/perf-pipe-147968-7382660263619453" --pipe-sync --scale -x ; -p 147978 -e cpu/event=0x3c,name='CPU_CLK_UNHALTED.THREAD'/Duk,cpu/umask=0x3,name='CPU_CLK_UNHALTED.REF_TSC'/Duk,cpu/event=0xc0,name='INST_RETIRED.ANY'/Duk,cpu/event=0x3c,umask=0x1,name='CPU_CLK_UNHALTED.REF_XCLK'/uk,cpu/event=0x3c,umask=0x2,name='CPU_CLK_UNHALTED.ONE_THREAD_ACTIVE'/uk,cpu/event=0xc2,umask=0x2,name='UOPS_RETIRED.RETIRE_SLOTS'/uk "/home/intel/oneapi/vtune/2021.1.1/bin64/amplxe-perf-sync" sync sys
423 [139800845739712] INFO perfrun.tpss <> - start tpss controller for pid #147978
474 [139801001669312] INFO perfrun.launcher <> - Launcher: all plugins were started
474 [139801001669312] INFO perfrun.launcher <> - DirectoryMonitor object was created
474 [139801001669312] INFO perfrun.launcher <> - DirectoryMonitor: a callback was added
474 [139801001669312] INFO perfrun.launcher <> - DirectoryMonitor was started with pingTime = 1000
474 [139801001669312] INFO perfrun.launcher <> - DeadlineTimer is going to be constructed
474 [139801001669312] INFO perfrun.launcher <> - DeadlineTimer: a callback was added
479 [139801001669312] INFO perfrun.launcher <> - Launcher: resume the profiled application and  wait its termination or stop command
542 [139801001669312] INFO perfrun.launcher <> - Launcher: the profiled application was terminated  with exit code = 255
542 [139800845739712] WARN perfrun.launcher <> - can't send #0 signal to the process with pid #147978 - , at file: vcs/perfrun1/launcher/src/signal_handler_lin.cpp:65
549 [139800845739712] WARN perfrun.launcher <> - can't send #0 signal to the process with pid #147978 - , at file: vcs/perfrun1/launcher/src/signal_handler_lin.cpp:65
551 [139800845739712] INFO perfrun.itt <> - stop itt controller
551 [139800845739712] INFO perfrun.itt <> - detach itt controller
554 [139800815621824] INFO perfrun.perfcollector <> - PERF_STAT : "CPU_CLK_UNHALTED.THREAD: 166167230 73162558 73162558"
554 [139800815621824] WARN perfrun.perfcollector <> - Unexpected PERF_STAT format, ignored, at file: vcs/perfrun1/plugins/perfcollector/src/profiler.cpp:490
554 [139800815621824] INFO perfrun.perfcollector <> - PERF_STAT : "CPU_CLK_UNHALTED.REF_TSC: 166568369 73162558 73162558"
554 [139800815621824] WARN perfrun.perfcollector <> - Unexpected PERF_STAT format, ignored, at file: vcs/perfrun1/plugins/perfcollector/src/profiler.cpp:490
554 [139800815621824] INFO perfrun.perfcollector <> - PERF_STAT : "INST_RETIRED.ANY: 164353567 73162558 73162558"
554 [139800815621824] WARN perfrun.perfcollector <> - Unexpected PERF_STAT format, ignored, at file: vcs/perfrun1/plugins/perfcollector/src/profiler.cpp:490
554 [139800815621824] INFO perfrun.perfcollector <> - PERF_STAT : "CPU_CLK_UNHALTED.REF_XCLK: 7227646 73162558 73162558"
554 [139800815621824] WARN perfrun.perfcollector <> - Unexpected PERF_STAT format, ignored, at file: vcs/perfrun1/plugins/perfcollector/src/profiler.cpp:490
554 [139800815621824] INFO perfrun.perfcollector <> - PERF_STAT : "CPU_CLK_UNHALTED.ONE_THREAD_ACTIVE: 7227054 73162558 73162558"
554 [139800815621824] WARN perfrun.perfcollector <> - Unexpected PERF_STAT format, ignored, at file: vcs/perfrun1/plugins/perfcollector/src/profiler.cpp:490
555 [139800815621824] INFO perfrun.perfcollector <> - PERF_STAT : "UOPS_RETIRED.RETIRE_SLOTS: 200757590 73162558 73162558"
555 [139800815621824] WARN perfrun.perfcollector <> - Unexpected PERF_STAT format, ignored, at file: vcs/perfrun1/plugins/perfcollector/src/profiler.cpp:490
555 [139800815621824] INFO perfrun.perfcollector <> - PERF_STAT : "166167230;;CPU_CLK_UNHALTED.THREAD;73162558;100.00;;"
555 [139800815621824] INFO perfrun.perfcollector <> - PERF_STAT : "166568369;;CPU_CLK_UNHALTED.REF_TSC;73162558;100.00;;"
555 [139800815621824] INFO perfrun.perfcollector <> - PERF_STAT : "164353567;;INST_RETIRED.ANY;73162558;100.00;;"
555 [139800815621824] INFO perfrun.perfcollector <> - PERF_STAT : "7227646;;CPU_CLK_UNHALTED.REF_XCLK;73162558;100.00;;"
555 [139800815621824] INFO perfrun.perfcollector <> - PERF_STAT : "7227054;;CPU_CLK_UNHALTED.ONE_THREAD_ACTIVE;73162558;100.00;;"
555 [139800815621824] INFO perfrun.perfcollector <> - PERF_STAT : "200757590;;UOPS_RETIRED.RETIRE_SLOTS;73162558;100.00;;"
557 [139800581502656] INFO perfrun.perfcollector <> - Monitor: runCmd RC = true
557 [139800845739712] INFO perfrun.perfcollector <> - Monitor: state = 3, error = 1
557 [139800845739712] INFO perfrun.tpss <> - stop tpss controller
557 [139800845739712] ERROR perfrun.launcher <> - Messenger::say: [Instrumentation Engine]: Source/pin/elfio/img_elf.cpp: ProcessSectionHeaders: 927: unknown section type 0x13 for sec[45,.relr.dyn] in /lib64/ld-linux-x86-64.so.2 
557 [139800845739712] ERROR perfrun.launcher <> - tpss can not perform an operation and will be disabled., at file: vcs/perfrun1/launcher/src/plugin_manager_impl.hpp:433
557 [139800845739712] INFO perfrun.sdk <> - De-allocating TMU: /tmp/amplxe-tmp-dhamorim/amplxe-res-147968-7382659528703590/data.0/systemcollector-147968-hype5.sc
557 [139800845739712] INFO perfrun.system <> - closed the system trace file: /tmp/amplxe-tmp-dhamorim/amplxe-res-147968-7382659528703590/data.0/systemcollector-147968-hype5.sc
557 [139801001669312] INFO perfrun.launcher <> - Launcher: all plugins were stopped.
557 [139801001669312] INFO perfrun.launcher <> - DeadlineTimer is going to be destroyed
557 [139801001669312] INFO perfrun.launcher <> - DeadlineTimer was destroyed
557 [139801001669312] INFO perfrun.launcher <> - DirectoryMonitor object was destroyed
557 [139801001669312] WARN perfrun.launcher <> - Stop command is ignored because it is received when collection is already stopped, at file: vcs/perfrun1/launcher/src/command_handler.cpp:212
572 [139801001669312] ERROR perfrun.launcher <> - can't copy temporary archive directory (/tmp/amplxe-tmp-dhamorim/amplxe-res-147968-7382659528703590/archive) to base archive directory (/home/users/dhamorim/pagerank-openmp/results/hotspots_web-Google_1/archive), at file: vcs/perfrun1/launcher/src/result_directory.cpp:306
646 [139801001669312] FATAL perfrun.launcher <> - Messenger::say: Unknown error: /tmp/amplxe-tmp-dhamorim/amplxe-res-147968-7382659528703590/archive
646 [139801001669312] INFO perfrun.launcher <> - Postponed internal errors detected
646 [139801001669312] INFO perfrun.launcher <> - Application exit code: 0
646 [139801001669312] INFO perfrun.launcher <> - Exit code: 2
